Program for reverse faulting, modified from general4.f and layer5rev_distrib.f (https://github.com/aochihi/DepthStress)
Reference: Aochi (2018), Aochi & Tsuda (2023)
UPDATE 2024/03/12 by Mike (H. SU)
++++++++++++++++++++++++++++++++++++++++++++
INPUT parameters
static friction coef.  [mu_s]:   0.60
dynamic friction coef.  [mu_d]:   0.33
optimal fault orientation [phi]:  29.52
dip angle [dip]:  50.00
cohesion [cohesion]:   5.00
fault relative prestress [R_assume]:   1.00
++++++++++++++++++++++++++++++++++++++++++++
Depth[km] S1[MPa]   S3[MPa]   t0[MPa]   tp[MPa]   tr[MPa]   n0[MPa]   S         G              strain_c       strain         
0.000     13.892    0.000     6.841     9.891     2.690     8.152     0.735     1.009e+10      6.887e-10      8.756e-10      
0.010     14.128    0.236     6.841     10.033    2.768     8.388     0.784     1.009e+10      6.887e-10      9.004e-10      
0.020     14.364    0.472     6.841     10.175    2.846     8.624     0.835     1.009e+10      6.887e-10      9.252e-10      
0.030     14.601    0.708     6.841     10.316    2.924     8.861     0.887     1.009e+10      6.887e-10      9.500e-10      
0.040     14.837    0.945     6.841     10.458    3.002     9.097     0.942     1.009e+10      6.887e-10      9.748e-10      
0.050     15.073    1.181     6.841     10.600    3.080     9.333     1.000     1.009e+10      6.887e-10      9.996e-10      
0.060     15.309    1.417     6.841     10.741    3.158     9.569     1.059     1.009e+10      6.887e-10      1.024e-09      
0.070     15.545    1.653     6.841     10.883    3.236     9.805     1.121     1.009e+10      6.887e-10      1.049e-09      
0.080     15.781    1.889     6.841     11.025    3.314     10.041    1.186     1.009e+10      6.887e-10      1.074e-09      
0.090     16.017    2.125     6.841     11.166    3.392     10.277    1.254     1.009e+10      6.887e-10      1.099e-09      
0.100     16.253    2.361     6.841     11.308    3.469     10.513    1.325     1.009e+10      6.887e-10      1.124e-09      
0.110     16.490    2.597     6.841     11.450    3.547     10.750    1.400     1.009e+10      6.887e-10      1.148e-09      
0.120     16.726    2.834     6.841     11.591    3.625     10.986    1.478     1.009e+10      6.887e-10      1.173e-09      
0.130     16.962    3.070     6.841     11.733    3.703     11.222    1.559     1.009e+10      6.887e-10      1.198e-09      
0.140     17.198    3.306     6.841     11.875    3.781     11.458    1.646     1.009e+10      6.887e-10      1.223e-09      
0.150     17.434    3.542     6.841     12.016    3.859     11.694    1.736     1.009e+10      6.887e-10      1.248e-09      
0.160     17.670    3.778     6.841     12.158    3.937     11.930    1.831     1.009e+10      6.887e-10      1.273e-09      
0.170     17.906    4.014     6.841     12.300    4.015     12.166    1.932     1.009e+10      6.887e-10      1.297e-09      
0.180     18.142    4.250     6.841     12.442    4.093     12.403    2.038     1.009e+10      6.887e-10      1.322e-09      
0.190     18.379    4.486     6.841     12.583    4.171     12.639    2.151     1.009e+10      6.887e-10      1.347e-09      
0.200     18.615    4.723     6.841     12.725    4.249     12.875    2.270     1.009e+10      6.887e-10      1.372e-09      
0.210     18.851    4.959     6.841     12.867    4.327     13.111    2.397     1.009e+10      6.887e-10      1.397e-09      
0.220     19.087    5.195     6.841     13.008    4.405     13.347    2.532     1.009e+10      6.887e-10      1.421e-09      
0.230     19.323    5.431     6.841     13.150    4.482     13.583    2.676     1.009e+10      6.887e-10      1.446e-09      
0.240     19.559    5.667     6.841     13.292    4.560     13.819    2.829     1.009e+10      6.887e-10      1.471e-09      
0.250     19.795    5.903     6.841     13.433    4.638     14.055    2.994     1.009e+10      6.887e-10      1.496e-09      
0.260     20.031    6.139     6.841     13.575    4.716     14.292    3.170     1.009e+10      6.887e-10      1.521e-09      
0.270     20.268    6.375     6.841     13.717    4.794     14.528    3.360     1.009e+10      6.887e-10      1.545e-09      
0.280     20.504    6.612     6.841     13.858    4.872     14.764    3.565     1.009e+10      6.887e-10      1.570e-09      
0.290     20.740    6.848     6.841     14.000    4.950     15.000    3.787     1.009e+10      6.887e-10      1.595e-09      
0.300     20.976    7.084     6.841     14.142    5.028     15.236    4.028     1.009e+10      6.887e-10      1.620e-09      
0.310     21.212    7.320     6.841     14.283    5.106     15.472    4.290     1.009e+10      6.887e-10      1.645e-09      
0.320     21.448    7.556     6.841     14.425    5.184     15.708    4.578     1.009e+10      6.887e-10      1.669e-09      
0.330     21.684    7.792     6.841     14.567    5.262     15.944    4.893     1.009e+10      6.887e-10      1.694e-09      
0.340     21.920    8.028     6.841     14.708    5.340     16.181    5.242     1.009e+10      6.887e-10      1.719e-09      
0.350     22.157    8.264     6.841     14.850    5.417     16.417    5.628     1.009e+10      6.887e-10      1.744e-09      
0.360     22.393    8.501     6.841     14.992    5.495     16.653    6.060     1.009e+10      6.887e-10      1.769e-09      
0.370     22.629    8.737     6.841     15.133    5.573     16.889    6.544     1.009e+10      6.887e-10      1.794e-09      
0.380     22.865    8.973     6.841     15.275    5.651     17.125    7.092     1.009e+10      6.887e-10      1.818e-09      
0.390     23.101    9.209     6.841     15.417    5.729     17.361    7.717     1.009e+10      6.887e-10      1.843e-09      
0.400     23.337    9.445     6.841     15.558    5.807     17.597    8.436     1.009e+10      6.887e-10      1.868e-09      
0.410     23.573    9.681     6.841     15.700    5.885     17.833    9.272     1.009e+10      6.887e-10      1.893e-09      
0.420     23.809    9.917     6.841     15.842    5.963     18.070    10.257    1.009e+10      6.887e-10      1.918e-09      
0.430     24.046    10.153    6.841     15.983    6.041     18.306    11.433    1.009e+10      6.887e-10      1.942e-09      
0.440     24.282    10.390    6.841     16.125    6.119     18.542    12.864    1.009e+10      6.887e-10      1.967e-09      
0.450     24.518    10.626    6.841     16.267    6.197     18.778    14.641    1.009e+10      6.887e-10      1.992e-09      
0.460     24.754    10.862    6.841     16.408    6.275     19.014    16.908    1.009e+10      6.887e-10      2.017e-09      
0.470     24.990    11.098    6.841     16.550    6.353     19.250    19.898    1.009e+10      6.887e-10      2.042e-09      
0.480     25.226    11.334    6.841     16.692    6.430     19.486    24.024    1.009e+10      6.887e-10      2.066e-09      
0.490     25.462    11.570    6.841     16.833    6.508     19.722    30.087    1.009e+10      6.887e-10      2.091e-09      
0.500     25.698    11.806    6.841     16.975    6.586     19.959    39.868    1.009e+10      6.887e-10      2.116e-09      
0.510     25.935    12.042    6.841     17.117    6.664     20.195    58.293    1.009e+10      6.887e-10      2.141e-09      
0.520     26.171    12.279    6.841     17.258    6.742     20.431    105.913   1.009e+10      6.887e-10      2.166e-09      
0.530     26.407    12.515    6.841     17.400    6.820     20.667    516.572   1.009e+10      6.887e-10      2.190e-09      
0.540     26.643    12.751    6.841     17.542    6.898     20.903    -186.174  1.009e+10      6.887e-10      2.215e-09      
0.550     26.879    12.987    6.841     17.684    6.976     21.139    -80.080   1.009e+10      6.887e-10      2.240e-09      
0.560     27.115    13.223    6.841     17.825    7.054     21.375    -51.493   1.009e+10      6.887e-10      2.265e-09      
0.570     27.351    13.459    6.841     17.967    7.132     21.611    -38.203   1.009e+10      6.887e-10      2.290e-09      
0.580     27.587    13.695    6.841     18.109    7.210     21.848    -30.523   1.009e+10      6.887e-10      2.315e-09      
0.590     27.824    13.931    6.841     18.250    7.288     22.084    -25.520   1.009e+10      6.887e-10      2.339e-09      
0.600     28.060    14.168    6.841     18.392    7.366     22.320    -22.002   1.009e+10      6.887e-10      2.364e-09      
0.610     28.296    14.404    6.841     18.534    7.443     22.556    -19.394   1.009e+10      6.887e-10      2.389e-09      
0.620     28.532    14.640    6.841     18.675    7.521     22.792    -17.382   1.009e+10      6.887e-10      2.414e-09      
0.630     64.066    14.876    24.222    31.245    14.435    43.742    0.718     3.571e+10      6.887e-10      6.887e-10      
0.640     64.889    15.140    24.497    31.600    14.630    44.334    0.720     3.571e+10      6.965e-10      6.965e-10      
0.650     65.712    15.403    24.772    31.955    14.825    44.925    0.722     3.571e+10      7.043e-10      7.043e-10      
0.660     66.534    15.667    25.047    32.310    15.021    45.517    0.724     3.571e+10      7.122e-10      7.122e-10      
0.670     67.357    15.931    25.322    32.665    15.216    46.109    0.727     3.571e+10      7.200e-10      7.200e-10      
0.680     68.179    16.194    25.598    33.020    15.411    46.700    0.729     3.571e+10      7.278e-10      7.278e-10      
0.690     69.002    16.458    25.873    33.375    15.606    47.292    0.731     3.571e+10      7.356e-10      7.356e-10      
0.700     69.824    16.722    26.148    33.730    15.802    47.884    0.733     3.571e+10      7.435e-10      7.435e-10      
0.710     70.647    16.986    26.423    34.085    15.997    48.475    0.735     3.571e+10      7.513e-10      7.513e-10      
0.720     71.470    17.249    26.698    34.440    16.192    49.067    0.737     3.571e+10      7.591e-10      7.591e-10      
0.730     72.292    17.513    26.974    34.795    16.387    49.659    0.739     3.571e+10      7.669e-10      7.669e-10      
0.740     73.115    17.777    27.249    35.150    16.583    50.250    0.741     3.571e+10      7.748e-10      7.748e-10      
0.750     73.937    18.040    27.524    35.505    16.778    50.842    0.743     3.571e+10      7.826e-10      7.826e-10      
0.760     74.760    18.304    27.799    35.860    16.973    51.434    0.745     3.571e+10      7.904e-10      7.904e-10      
0.770     75.582    18.568    28.074    36.215    17.168    52.025    0.746     3.571e+10      7.982e-10      7.982e-10      
0.780     76.405    18.831    28.349    36.570    17.364    52.617    0.748     3.571e+10      8.061e-10      8.061e-10      
0.790     77.228    19.095    28.625    36.925    17.559    53.209    0.750     3.571e+10      8.139e-10      8.139e-10      
0.800     78.050    19.359    28.900    37.280    17.754    53.800    0.752     3.571e+10      8.217e-10      8.217e-10      
0.810     78.873    19.622    29.175    37.635    17.949    54.392    0.754     3.571e+10      8.295e-10      8.295e-10      
0.820     79.695    19.886    29.450    37.990    18.145    54.984    0.755     3.571e+10      8.374e-10      8.374e-10      
0.830     80.518    20.150    29.725    38.345    18.340    55.575    0.757     3.571e+10      8.452e-10      8.452e-10      
0.840     81.340    20.414    30.001    38.700    18.535    56.167    0.759     3.571e+10      8.530e-10      8.530e-10      
0.850     82.163    20.677    30.276    39.055    18.730    56.759    0.760     3.571e+10      8.608e-10      8.608e-10      
0.860     82.986    20.941    30.551    39.410    18.926    57.350    0.762     3.571e+10      8.687e-10      8.687e-10      
0.870     83.808    21.205    30.826    39.765    19.121    57.942    0.764     3.571e+10      8.765e-10      8.765e-10      
0.880     84.631    21.468    31.101    40.120    19.316    58.534    0.765     3.571e+10      8.843e-10      8.843e-10      
0.890     85.453    21.732    31.377    40.475    19.511    59.125    0.767     3.571e+10      8.921e-10      8.921e-10      
0.900     86.276    21.996    31.652    40.830    19.707    59.717    0.768     3.571e+10      9.000e-10      9.000e-10      
0.910     87.098    22.259    31.927    41.185    19.902    60.309    0.770     3.571e+10      9.078e-10      9.078e-10      
0.920     87.921    22.523    32.202    41.540    20.097    60.900    0.771     3.571e+10      9.156e-10      9.156e-10      
0.930     88.744    22.787    32.477    41.895    20.292    61.492    0.773     3.571e+10      9.234e-10      9.234e-10      
0.940     89.566    23.050    32.753    42.250    20.488    62.083    0.774     3.571e+10      9.313e-10      9.313e-10      
0.950     90.389    23.314    33.028    42.605    20.683    62.675    0.776     3.571e+10      9.391e-10      9.391e-10      
0.960     91.211    23.578    33.303    42.960    20.878    63.267    0.777     3.571e+10      9.469e-10      9.469e-10      
0.970     92.034    23.842    33.578    43.315    21.073    63.858    0.779     3.571e+10      9.547e-10      9.547e-10      
0.980     92.856    24.105    33.853    43.670    21.269    64.450    0.780     3.571e+10      9.626e-10      9.626e-10      
0.990     93.679    24.369    34.129    44.025    21.464    65.042    0.781     3.571e+10      9.704e-10      9.704e-10      
1.000     94.502    24.633    34.404    44.380    21.659    65.633    0.783     3.571e+10      9.782e-10      9.782e-10      
1.010     95.324    24.896    34.679    44.735    21.854    66.225    0.784     3.571e+10      9.860e-10      9.860e-10      
1.020     96.147    25.160    34.954    45.090    22.050    66.817    0.785     3.571e+10      9.939e-10      9.939e-10      
1.030     96.969    25.424    35.229    45.445    22.245    67.408    0.787     3.571e+10      1.002e-09      1.002e-09      
1.040     97.792    25.687    35.505    45.800    22.440    68.000    0.788     3.571e+10      1.010e-09      1.010e-09      
1.050     98.614    25.951    35.780    46.155    22.635    68.592    0.789     3.571e+10      1.017e-09      1.017e-09      
1.060     99.437    26.215    36.055    46.510    22.831    69.183    0.791     3.571e+10      1.025e-09      1.025e-09      
1.070     100.260   26.478    36.330    46.865    23.026    69.775    0.792     3.571e+10      1.033e-09      1.033e-09      
1.080     101.082   26.742    36.605    47.220    23.221    70.367    0.793     3.571e+10      1.041e-09      1.041e-09      
1.090     101.905   27.006    36.880    47.575    23.416    70.958    0.794     3.571e+10      1.049e-09      1.049e-09      
1.100     102.727   27.270    37.156    47.930    23.611    71.550    0.795     3.571e+10      1.056e-09      1.056e-09      
1.110     103.550   27.533    37.431    48.285    23.807    72.142    0.797     3.571e+10      1.064e-09      1.064e-09      
1.120     104.372   27.797    37.706    48.640    24.002    72.733    0.798     3.571e+10      1.072e-09      1.072e-09      
1.130     105.195   28.061    37.981    48.995    24.197    73.325    0.799     3.571e+10      1.080e-09      1.080e-09      
1.140     106.018   28.324    38.256    49.350    24.392    73.917    0.800     3.571e+10      1.088e-09      1.088e-09      
1.150     106.840   28.588    38.532    49.705    24.588    74.508    0.801     3.571e+10      1.096e-09      1.096e-09      
1.160     107.663   28.852    38.807    50.060    24.783    75.100    0.802     3.571e+10      1.103e-09      1.103e-09      
1.170     108.485   29.115    39.082    50.415    24.978    75.692    0.804     3.571e+10      1.111e-09      1.111e-09      
1.180     109.308   29.379    39.357    50.770    25.173    76.283    0.805     3.571e+10      1.119e-09      1.119e-09      
1.190     110.130   29.643    39.632    51.125    25.369    76.875    0.806     3.571e+10      1.127e-09      1.127e-09      
1.200     42.664    29.906    6.282     27.436    12.340    37.393    -3.492    3.118e+09      2.046e-09      1.300e-08      
1.210     42.877    30.119    6.282     27.563    12.410    37.605    -3.473    3.118e+09      2.046e-09      1.307e-08      
1.220     43.089    30.331    6.282     27.691    12.480    37.818    -3.454    3.118e+09      2.046e-09      1.314e-08      
1.230     43.301    30.544    6.282     27.818    12.550    38.030    -3.436    3.118e+09      2.046e-09      1.321e-08      
1.240     43.514    30.756    6.282     27.946    12.620    38.243    -3.418    3.118e+09      2.046e-09      1.329e-08      
1.250     43.726    30.968    6.282     28.073    12.690    38.455    -3.401    3.118e+09      2.046e-09      1.336e-08      
1.260     43.939    31.181    6.282     28.200    12.760    38.667    -3.383    3.118e+09      2.046e-09      1.343e-08      
1.270     44.151    31.393    6.282     28.328    12.830    38.880    -3.367    3.118e+09      2.046e-09      1.350e-08      
1.280     44.363    31.606    6.282     28.455    12.900    39.092    -3.350    3.118e+09      2.046e-09      1.358e-08      
1.290     44.576    31.818    6.282     28.583    12.970    39.305    -3.334    3.118e+09      2.046e-09      1.365e-08      
1.300     44.788    32.030    6.282     28.710    13.041    39.517    -3.318    3.118e+09      2.046e-09      1.372e-08      
1.310     45.001    32.243    6.282     28.838    13.111    39.729    -3.303    3.118e+09      2.046e-09      1.379e-08      
1.320     45.213    32.455    6.282     28.965    13.181    39.942    -3.288    3.118e+09      2.046e-09      1.386e-08      
1.330     45.425    32.667    6.282     29.092    13.251    40.154    -3.273    3.118e+09      2.046e-09      1.394e-08      
1.340     45.638    32.880    6.282     29.220    13.321    40.366    -3.259    3.118e+09      2.046e-09      1.401e-08      
1.350     45.850    33.092    6.282     29.347    13.391    40.579    -3.245    3.118e+09      2.046e-09      1.408e-08      
1.360     46.062    33.305    6.282     29.475    13.461    40.791    -3.231    3.118e+09      2.046e-09      1.415e-08      
1.370     46.275    33.517    6.282     29.602    13.531    41.004    -3.217    3.118e+09      2.046e-09      1.423e-08      
1.380     46.487    33.729    6.282     29.730    13.601    41.216    -3.204    3.118e+09      2.046e-09      1.430e-08      
1.390     46.700    33.942    6.282     29.857    13.671    41.428    -3.190    3.118e+09      2.046e-09      1.437e-08      
1.400     46.912    34.154    6.282     29.984    13.741    41.641    -3.178    3.118e+09      2.046e-09      1.444e-08      
1.410     47.124    34.367    6.282     30.112    13.812    41.853    -3.165    3.118e+09      2.046e-09      1.451e-08      
1.420     87.524    34.579    26.070    44.389    21.664    65.648    4.157     1.294e+10      2.046e-09      3.515e-09      
1.430     87.765    34.821    26.070    44.534    21.744    65.890    4.268     1.294e+10      2.046e-09      3.535e-09      
1.440     88.007    35.063    26.070    44.679    21.823    66.132    4.382     1.294e+10      2.046e-09      3.554e-09      
1.450     88.249    35.304    26.070    44.824    21.903    66.374    4.501     1.294e+10      2.046e-09      3.574e-09      
1.460     88.491    35.546    26.070    44.969    21.983    66.615    4.624     1.294e+10      2.046e-09      3.594e-09      
1.470     88.733    35.788    26.070    45.114    22.063    66.857    4.752     1.294e+10      2.046e-09      3.614e-09      
1.480     88.974    36.030    26.070    45.259    22.143    67.099    4.886     1.294e+10      2.046e-09      3.634e-09      
1.490     89.216    36.272    26.070    45.405    22.222    67.341    5.025     1.294e+10      2.046e-09      3.653e-09      
1.500     89.458    36.514    26.070    45.550    22.302    67.583    5.170     1.294e+10      2.046e-09      3.673e-09      
1.510     89.700    36.755    26.070    45.695    22.382    67.824    5.321     1.294e+10      2.046e-09      3.693e-09      
1.520     89.942    36.997    26.070    45.840    22.462    68.066    5.479     1.294e+10      2.046e-09      3.713e-09      
1.530     90.184    37.239    26.070    45.985    22.542    68.308    5.644     1.294e+10      2.046e-09      3.733e-09      
1.540     90.425    37.481    26.070    46.130    22.621    68.550    5.817     1.294e+10      2.046e-09      3.753e-09      
1.550     90.667    37.723    26.070    46.275    22.701    68.792    5.998     1.294e+10      2.046e-09      3.772e-09      
1.560     90.909    37.964    26.070    46.420    22.781    69.034    6.187     1.294e+10      2.046e-09      3.792e-09      
1.570     91.151    38.206    26.070    46.565    22.861    69.275    6.386     1.294e+10      2.046e-09      3.812e-09      
1.580     91.393    38.448    26.070    46.710    22.941    69.517    6.595     1.294e+10      2.046e-09      3.832e-09      
1.590     91.634    38.690    26.070    46.855    23.020    69.759    6.816     1.294e+10      2.046e-09      3.852e-09      
1.600     91.876    38.932    26.070    47.001    23.100    70.001    7.048     1.294e+10      2.046e-09      3.871e-09      
1.610     92.118    39.173    26.070    47.146    23.180    70.243    7.292     1.294e+10      2.046e-09      3.891e-09      
1.620     92.360    39.415    26.070    47.291    23.260    70.484    7.551     1.294e+10      2.046e-09      3.911e-09      
1.630     92.602    39.657    26.070    47.436    23.340    70.726    7.825     1.294e+10      2.046e-09      3.931e-09      
1.640     92.844    39.899    26.070    47.581    23.419    70.968    8.115     1.294e+10      2.046e-09      3.951e-09      
1.650     93.085    40.141    26.070    47.726    23.499    71.210    8.424     1.294e+10      2.046e-09      3.970e-09      
1.660     93.327    40.383    26.070    47.871    23.579    71.452    8.752     1.294e+10      2.046e-09      3.990e-09      
1.670     93.569    40.624    26.070    48.016    23.659    71.694    9.101     1.294e+10      2.046e-09      4.010e-09      
1.680     93.811    40.866    26.070    48.161    23.739    71.935    9.475     1.294e+10      2.046e-09      4.030e-09      
1.690     94.053    41.108    26.070    48.306    23.818    72.177    9.875     1.294e+10      2.046e-09      4.050e-09      
1.700     94.294    41.350    26.070    48.451    23.898    72.419    10.305    1.294e+10      2.046e-09      4.069e-09      
1.710     94.536    41.592    26.070    48.596    23.978    72.661    10.768    1.294e+10      2.046e-09      4.089e-09      
1.720     94.778    41.833    26.070    48.742    24.058    72.903    11.267    1.294e+10      2.046e-09      4.109e-09      
1.730     95.020    42.075    26.070    48.887    24.138    73.144    11.807    1.294e+10      2.046e-09      4.129e-09      
1.740     95.262    42.317    26.070    49.032    24.217    73.386    12.394    1.294e+10      2.046e-09      4.149e-09      
1.750     95.504    42.559    26.070    49.177    24.297    73.628    13.034    1.294e+10      2.046e-09      4.168e-09      
1.760     95.745    42.801    26.070    49.322    24.377    73.870    13.734    1.294e+10      2.046e-09      4.188e-09      
1.770     95.987    43.043    26.070    49.467    24.457    74.112    14.503    1.294e+10      2.046e-09      4.208e-09      
1.780     96.229    43.284    26.070    49.612    24.537    74.354    15.352    1.294e+10      2.046e-09      4.228e-09      
1.790     96.471    43.526    26.070    49.757    24.616    74.595    16.295    1.294e+10      2.046e-09      4.248e-09      
1.800     96.713    43.768    26.070    49.902    24.696    74.837    17.347    1.294e+10      2.046e-09      4.267e-09      
1.810     96.954    44.010    26.070    50.047    24.776    75.079    18.529    1.294e+10      2.046e-09      4.287e-09      
1.820     97.196    44.252    26.070    50.192    24.856    75.321    19.866    1.294e+10      2.046e-09      4.307e-09      
1.830     97.438    44.493    26.070    50.338    24.936    75.563    21.391    1.294e+10      2.046e-09      4.327e-09      
1.840     97.680    44.735    26.070    50.483    25.015    75.804    23.147    1.294e+10      2.046e-09      4.347e-09      
1.850     97.922    44.977    26.070    50.628    25.095    76.046    25.191    1.294e+10      2.046e-09      4.367e-09      
1.860     98.164    45.219    26.070    50.773    25.175    76.288    27.599    1.294e+10      2.046e-09      4.386e-09      
1.870     98.405    45.461    26.070    50.918    25.255    76.530    30.478    1.294e+10      2.046e-09      4.406e-09      
1.880     98.647    45.703    26.070    51.063    25.335    76.772    33.982    1.294e+10      2.046e-09      4.426e-09      
1.890     98.889    45.944    26.070    51.208    25.414    77.014    38.339    1.294e+10      2.046e-09      4.446e-09      
1.900     99.131    46.186    26.070    51.353    25.494    77.255    43.904    1.294e+10      2.046e-09      4.466e-09      
1.910     99.373    46.428    26.070    51.498    25.574    77.497    51.259    1.294e+10      2.046e-09      4.485e-09      
1.920     99.614    46.670    26.070    51.643    25.654    77.739    61.434    1.294e+10      2.046e-09      4.505e-09      
1.930     99.856    46.912    26.070    51.788    25.734    77.981    76.435    1.294e+10      2.046e-09      4.525e-09      
1.940     100.098   47.153    26.070    51.934    25.813    78.223    100.765   1.294e+10      2.046e-09      4.545e-09      
1.950     100.340   47.395    26.070    52.079    25.893    78.464    147.047   1.294e+10      2.046e-09      4.565e-09      
1.960     100.582   47.637    26.070    52.224    25.973    78.706    269.422   1.294e+10      2.046e-09      4.584e-09      
1.970     100.823   47.879    26.070    52.369    26.053    78.948    1522.476  1.294e+10      2.046e-09      4.604e-09      
1.980     101.065   48.121    26.070    52.514    26.133    79.190    -422.926  1.294e+10      2.046e-09      4.624e-09      
1.990     101.307   48.363    26.070    52.659    26.212    79.432    -186.818  1.294e+10      2.046e-09      4.644e-09      
2.000     101.549   48.604    26.070    52.804    26.292    79.674    -120.356  1.294e+10      2.046e-09      4.664e-09      
2.010     101.791   48.846    26.070    52.949    26.372    79.915    -89.026   1.294e+10      2.046e-09      4.683e-09      
2.020     102.033   49.088    26.070    53.094    26.452    80.157    -70.795   1.294e+10      2.046e-09      4.703e-09      
2.030     103.452   49.330    26.650    53.654    26.760    81.090    -246.367  1.323e+10      2.046e-09      4.620e-09      
2.040     103.695   49.572    26.650    53.800    26.840    81.333    -143.215  1.323e+10      2.046e-09      4.640e-09      
2.050     103.937   49.814    26.650    53.945    26.920    81.575    -101.267  1.323e+10      2.046e-09      4.659e-09      
2.060     104.179   50.057    26.650    54.090    27.000    81.817    -78.514   1.323e+10      2.046e-09      4.678e-09      
2.070     104.422   50.299    26.650    54.236    27.080    82.059    -64.234   1.323e+10      2.046e-09      4.698e-09      
2.080     104.664   50.541    26.650    54.381    27.160    82.302    -54.437   1.323e+10      2.046e-09      4.717e-09      
2.090     104.906   50.784    26.650    54.526    27.240    82.544    -47.298   1.323e+10      2.046e-09      4.737e-09      
2.100     105.148   51.026    26.650    54.672    27.319    82.786    -41.865   1.323e+10      2.046e-09      4.756e-09      
2.110     105.391   51.268    26.650    54.817    27.399    83.029    -37.591   1.323e+10      2.046e-09      4.776e-09      
2.120     105.633   51.511    26.650    54.963    27.479    83.271    -34.142   1.323e+10      2.046e-09      4.795e-09      
2.130     105.875   51.753    26.650    55.108    27.559    83.513    -31.299   1.323e+10      2.046e-09      4.814e-09      
2.140     106.118   51.995    26.650    55.253    27.639    83.756    -28.916   1.323e+10      2.046e-09      4.834e-09      
2.150     106.360   52.237    26.650    55.399    27.719    83.998    -26.889   1.323e+10      2.046e-09      4.853e-09      
2.160     106.602   52.480    26.650    55.544    27.799    84.240    -25.145   1.323e+10      2.046e-09      4.873e-09      
2.170     106.845   52.722    26.650    55.690    27.879    84.483    -23.627   1.323e+10      2.046e-09      4.892e-09      
2.180     107.087   52.964    26.650    55.835    27.959    84.725    -22.295   1.323e+10      2.046e-09      4.911e-09      
2.190     183.636   53.207    64.224    82.848    42.816    129.746   0.870     3.187e+10      2.046e-09      2.046e-09      
2.200     184.453   53.468    64.497    83.200    43.010    130.333   0.870     3.187e+10      2.055e-09      2.055e-09      
2.210     185.269   53.730    64.770    83.552    43.204    130.920   0.871     3.187e+10      2.063e-09      2.063e-09      
2.220     186.085   53.992    65.043    83.904    43.397    131.507   0.871     3.187e+10      2.072e-09      2.072e-09      
2.230     186.901   54.253    65.316    84.256    43.591    132.094   0.872     3.187e+10      2.081e-09      2.081e-09      
2.240     187.717   54.515    65.589    84.609    43.785    132.681   0.872     3.187e+10      2.090e-09      2.090e-09      
2.250     188.533   54.776    65.862    84.961    43.978    133.268   0.873     3.187e+10      2.098e-09      2.098e-09      
2.260     189.349   55.038    66.135    85.313    44.172    133.855   0.873     3.187e+10      2.107e-09      2.107e-09      
2.270     190.166   55.300    66.408    85.665    44.366    134.442   0.874     3.187e+10      2.116e-09      2.116e-09      
2.280     190.982   55.561    66.681    86.018    44.560    135.029   0.874     3.187e+10      2.124e-09      2.124e-09      
2.290     191.798   55.823    66.955    86.370    44.753    135.616   0.875     3.187e+10      2.133e-09      2.133e-09      
2.300     192.614   56.085    67.228    86.722    44.947    136.203   0.875     3.187e+10      2.142e-09      2.142e-09      
2.310     193.430   56.346    67.501    87.074    45.141    136.790   0.875     3.187e+10      2.150e-09      2.150e-09      
2.320     194.246   56.608    67.774    87.426    45.335    137.377   0.876     3.187e+10      2.159e-09      2.159e-09      
2.330     195.062   56.870    68.047    87.779    45.528    137.964   0.876     3.187e+10      2.168e-09      2.168e-09      
2.340     195.879   57.131    68.320    88.131    45.722    138.551   0.877     3.187e+10      2.177e-09      2.177e-09      
2.350     196.695   57.393    68.593    88.483    45.916    139.139   0.877     3.187e+10      2.185e-09      2.185e-09      
2.360     197.511   57.654    68.866    88.835    46.109    139.726   0.878     3.187e+10      2.194e-09      2.194e-09      
2.370     198.327   57.916    69.139    89.188    46.303    140.313   0.878     3.187e+10      2.203e-09      2.203e-09      
2.380     199.143   58.178    69.412    89.540    46.497    140.900   0.878     3.187e+10      2.211e-09      2.211e-09      
2.390     199.959   58.439    69.685    89.892    46.691    141.487   0.879     3.187e+10      2.220e-09      2.220e-09      
2.400     200.775   58.701    69.958    90.244    46.884    142.074   0.879     3.187e+10      2.229e-09      2.229e-09      
2.410     201.592   58.963    70.231    90.596    47.078    142.661   0.880     3.187e+10      2.237e-09      2.237e-09      
2.420     202.408   59.224    70.504    90.949    47.272    143.248   0.880     3.187e+10      2.246e-09      2.246e-09      
2.430     203.224   59.486    70.777    91.301    47.465    143.835   0.880     3.187e+10      2.255e-09      2.255e-09      
2.440     204.040   59.748    71.050    91.653    47.659    144.422   0.881     3.187e+10      2.264e-09      2.264e-09      
2.450     204.856   60.009    71.323    92.005    47.853    145.009   0.881     3.187e+10      2.272e-09      2.272e-09      
2.460     205.672   60.271    71.596    92.358    48.047    145.596   0.882     3.187e+10      2.281e-09      2.281e-09      
2.470     206.488   60.532    71.869    92.710    48.240    146.183   0.882     3.187e+10      2.290e-09      2.290e-09      
2.480     207.305   60.794    72.142    93.062    48.434    146.770   0.882     3.187e+10      2.298e-09      2.298e-09      
2.490     208.121   61.056    72.415    93.414    48.628    147.357   0.883     3.187e+10      2.307e-09      2.307e-09      
2.500     208.937   61.317    72.688    93.766    48.822    147.944   0.883     3.187e+10      2.316e-09      2.316e-09      
2.510     209.753   61.579    72.961    94.119    49.015    148.531   0.884     3.187e+10      2.324e-09      2.324e-09      
2.520     210.569   61.841    73.235    94.471    49.209    149.118   0.884     3.187e+10      2.333e-09      2.333e-09      
2.530     211.385   62.102    73.508    94.823    49.403    149.705   0.884     3.187e+10      2.342e-09      2.342e-09      
2.540     212.201   62.364    73.781    95.175    49.596    150.292   0.885     3.187e+10      2.351e-09      2.351e-09      
2.550     213.018   62.625    74.054    95.528    49.790    150.879   0.885     3.187e+10      2.359e-09      2.359e-09      
2.560     213.834   62.887    74.327    95.880    49.984    151.466   0.885     3.187e+10      2.368e-09      2.368e-09      
2.570     214.650   63.149    74.600    96.232    50.178    152.053   0.886     3.187e+10      2.377e-09      2.377e-09      
2.580     215.466   63.410    74.873    96.584    50.371    152.640   0.886     3.187e+10      2.385e-09      2.385e-09      
2.590     216.282   63.672    75.146    96.936    50.565    153.227   0.886     3.187e+10      2.394e-09      2.394e-09      
2.600     217.098   63.934    75.419    97.289    50.759    153.814   0.887     3.187e+10      2.403e-09      2.403e-09      
2.610     217.914   64.195    75.692    97.641    50.952    154.401   0.887     3.187e+10      2.411e-09      2.411e-09      
2.620     218.731   64.457    75.965    97.993    51.146    154.988   0.888     3.187e+10      2.420e-09      2.420e-09      
2.630     219.547   64.719    76.238    98.345    51.340    155.575   0.888     3.187e+10      2.429e-09      2.429e-09      
2.640     220.363   64.980    76.511    98.697    51.534    156.162   0.888     3.187e+10      2.438e-09      2.438e-09      
2.650     221.179   65.242    76.784    99.050    51.727    156.750   0.889     3.187e+10      2.446e-09      2.446e-09      
2.660     221.995   65.503    77.057    99.402    51.921    157.337   0.889     3.187e+10      2.455e-09      2.455e-09      
2.670     222.811   65.765    77.330    99.754    52.115    157.924   0.889     3.187e+10      2.464e-09      2.464e-09      
2.680     223.627   66.027    77.603    100.106   52.309    158.511   0.890     3.187e+10      2.472e-09      2.472e-09      
2.690     224.444   66.288    77.876    100.459   52.502    159.098   0.890     3.187e+10      2.481e-09      2.481e-09      
2.700     225.260   66.550    78.149    100.811   52.696    159.685   0.890     3.187e+10      2.490e-09      2.490e-09      
2.710     226.076   66.812    78.422    101.163   52.890    160.272   0.891     3.187e+10      2.498e-09      2.498e-09      
2.720     226.892   67.073    78.695    101.515   53.083    160.859   0.891     3.187e+10      2.507e-09      2.507e-09      
2.730     227.708   67.335    78.968    101.867   53.277    161.446   0.891     3.187e+10      2.516e-09      2.516e-09      
2.740     228.524   67.596    79.241    102.220   53.471    162.033   0.892     3.187e+10      2.525e-09      2.525e-09      
2.750     229.340   67.858    79.515    102.572   53.665    162.620   0.892     3.187e+10      2.533e-09      2.533e-09      
2.760     230.157   68.120    79.788    102.924   53.858    163.207   0.892     3.187e+10      2.542e-09      2.542e-09      
2.770     230.973   68.381    80.061    103.276   54.052    163.794   0.893     3.187e+10      2.551e-09      2.551e-09      
2.780     231.789   68.643    80.334    103.629   54.246    164.381   0.893     3.187e+10      2.559e-09      2.559e-09      
2.790     232.605   68.905    80.607    103.981   54.439    164.968   0.893     3.187e+10      2.568e-09      2.568e-09      
2.800     233.421   69.166    80.880    104.333   54.633    165.555   0.894     3.187e+10      2.577e-09      2.577e-09      
2.810     234.237   69.428    81.153    104.685   54.827    166.142   0.894     3.187e+10      2.585e-09      2.585e-09      
2.820     235.053   69.690    81.426    105.037   55.021    166.729   0.894     3.187e+10      2.594e-09      2.594e-09      
2.830     235.870   69.951    81.699    105.390   55.214    167.316   0.895     3.187e+10      2.603e-09      2.603e-09      
2.840     236.686   70.213    81.972    105.742   55.408    167.903   0.895     3.187e+10      2.612e-09      2.612e-09      
2.850     237.502   70.474    82.245    106.094   55.602    168.490   0.895     3.187e+10      2.620e-09      2.620e-09      
2.860     238.318   70.736    82.518    106.446   55.795    169.077   0.895     3.187e+10      2.629e-09      2.629e-09      
2.870     239.134   70.998    82.791    106.799   55.989    169.664   0.896     3.187e+10      2.638e-09      2.638e-09      
2.880     239.950   71.259    83.064    107.151   56.183    170.251   0.896     3.187e+10      2.646e-09      2.646e-09      
2.890     240.766   71.521    83.337    107.503   56.377    170.838   0.896     3.187e+10      2.655e-09      2.655e-09      
2.900     241.583   71.783    83.610    107.855   56.570    171.425   0.897     3.187e+10      2.664e-09      2.664e-09      
2.910     242.399   72.044    83.883    108.207   56.764    172.012   0.897     3.187e+10      2.672e-09      2.672e-09      
2.920     243.215   72.306    84.156    108.560   56.958    172.599   0.897     3.187e+10      2.681e-09      2.681e-09      
2.930     244.031   72.568    84.429    108.912   57.152    173.186   0.898     3.187e+10      2.690e-09      2.690e-09      
2.940     244.847   72.829    84.702    109.264   57.345    173.773   0.898     3.187e+10      2.698e-09      2.698e-09      
2.950     245.663   73.091    84.975    109.616   57.539    174.361   0.898     3.187e+10      2.707e-09      2.707e-09      
2.960     246.480   73.352    85.248    109.969   57.733    174.948   0.898     3.187e+10      2.716e-09      2.716e-09      
2.970     247.296   73.614    85.521    110.321   57.926    175.535   0.899     3.187e+10      2.725e-09      2.725e-09      
2.980     248.112   73.876    85.795    110.673   58.120    176.122   0.899     3.187e+10      2.733e-09      2.733e-09      
2.990     248.928   74.137    86.068    111.025   58.314    176.709   0.899     3.187e+10      2.742e-09      2.742e-09      
3.000     249.744   74.399    86.341    111.377   58.508    177.296   0.900     3.187e+10      2.751e-09      2.751e-09      
3.010     250.560   74.661    86.614    111.730   58.701    177.883   0.900     3.187e+10      2.759e-09      2.759e-09      
3.020     251.376   74.922    86.887    112.082   58.895    178.470   0.900     3.187e+10      2.768e-09      2.768e-09      
3.030     252.193   75.184    87.160    112.434   59.089    179.057   0.900     3.187e+10      2.777e-09      2.777e-09      
3.040     253.009   75.445    87.433    112.786   59.282    179.644   0.901     3.187e+10      2.785e-09      2.785e-09      
3.050     253.825   75.707    87.706    113.139   59.476    180.231   0.901     3.187e+10      2.794e-09      2.794e-09      
3.060     254.641   75.969    87.979    113.491   59.670    180.818   0.901     3.187e+10      2.803e-09      2.803e-09      
3.070     255.457   76.230    88.252    113.843   59.864    181.405   0.901     3.187e+10      2.812e-09      2.812e-09      
3.080     256.273   76.492    88.525    114.195   60.057    181.992   0.902     3.187e+10      2.820e-09      2.820e-09      
3.090     257.089   76.754    88.798    114.547   60.251    182.579   0.902     3.187e+10      2.829e-09      2.829e-09      
3.100     257.906   77.015    89.071    114.900   60.445    183.166   0.902     3.187e+10      2.838e-09      2.838e-09      
3.110     258.722   77.277    89.344    115.252   60.639    183.753   0.903     3.187e+10      2.846e-09      2.846e-09      
3.120     259.538   77.539    89.617    115.604   60.832    184.340   0.903     3.187e+10      2.855e-09      2.855e-09      
3.130     260.354   77.800    89.890    115.956   61.026    184.927   0.903     3.187e+10      2.864e-09      2.864e-09      
3.140     261.170   78.062    90.163    116.308   61.220    185.514   0.903     3.187e+10      2.872e-09      2.872e-09      
3.150     261.986   78.323    90.436    116.661   61.413    186.101   0.904     3.187e+10      2.881e-09      2.881e-09      
3.160     262.802   78.585    90.709    117.013   61.607    186.688   0.904     3.187e+10      2.890e-09      2.890e-09      
3.170     263.619   78.847    90.982    117.365   61.801    187.275   0.904     3.187e+10      2.899e-09      2.899e-09      
3.180     264.435   79.108    91.255    117.717   61.995    187.862   0.904     3.187e+10      2.907e-09      2.907e-09      
3.190     265.251   79.370    91.528    118.070   62.188    188.449   0.905     3.187e+10      2.916e-09      2.916e-09      
3.200     266.067   79.632    91.802    118.422   62.382    189.036   0.905     3.187e+10      2.925e-09      2.925e-09      
3.210     266.883   79.893    92.075    118.774   62.576    189.623   0.905     3.187e+10      2.933e-09      2.933e-09      
3.220     267.699   80.155    92.348    119.126   62.769    190.210   0.905     3.187e+10      2.942e-09      2.942e-09      
3.230     268.515   80.416    92.621    119.478   62.963    190.797   0.906     3.187e+10      2.951e-09      2.951e-09      
3.240     269.332   80.678    92.894    119.831   63.157    191.384   0.906     3.187e+10      2.959e-09      2.959e-09      
3.250     270.148   80.940    93.167    120.183   63.351    191.972   0.906     3.187e+10      2.968e-09      2.968e-09      
3.260     270.964   81.201    93.440    120.535   63.544    192.559   0.906     3.187e+10      2.977e-09      2.977e-09      
3.270     271.780   81.463    93.713    120.887   63.738    193.146   0.907     3.187e+10      2.986e-09      2.986e-09      
3.280     272.596   81.725    93.986    121.240   63.932    193.733   0.907     3.187e+10      2.994e-09      2.994e-09      
3.290     273.412   81.986    94.259    121.592   64.125    194.320   0.907     3.187e+10      3.003e-09      3.003e-09      
3.300     274.228   82.248    94.532    121.944   64.319    194.907   0.907     3.187e+10      3.012e-09      3.012e-09      
3.310     275.045   82.510    94.805    122.296   64.513    195.494   0.908     3.187e+10      3.020e-09      3.020e-09      
3.320     275.861   82.771    95.078    122.648   64.707    196.081   0.908     3.187e+10      3.029e-09      3.029e-09      
3.330     276.677   83.033    95.351    123.001   64.900    196.668   0.908     3.187e+10      3.038e-09      3.038e-09      
3.340     277.493   83.294    95.624    123.353   65.094    197.255   0.908     3.187e+10      3.046e-09      3.046e-09      
3.350     278.309   83.556    95.897    123.705   65.288    197.842   0.908     3.187e+10      3.055e-09      3.055e-09      
3.360     279.125   83.818    96.170    124.057   65.482    198.429   0.909     3.187e+10      3.064e-09      3.064e-09      
3.370     279.941   84.079    96.443    124.410   65.675    199.016   0.909     3.187e+10      3.073e-09      3.073e-09      
3.380     280.758   84.341    96.716    124.762   65.869    199.603   0.909     3.187e+10      3.081e-09      3.081e-09      
3.390     281.574   84.603    96.989    125.114   66.063    200.190   0.909     3.187e+10      3.090e-09      3.090e-09      
3.400     282.390   84.864    97.262    125.466   66.256    200.777   0.910     3.187e+10      3.099e-09      3.099e-09      
3.410     283.206   85.126    97.535    125.818   66.450    201.364   0.910     3.187e+10      3.107e-09      3.107e-09      
3.420     284.022   85.388    97.808    126.171   66.644    201.951   0.910     3.187e+10      3.116e-09      3.116e-09      
3.430     284.838   85.649    98.082    126.523   66.838    202.538   0.910     3.187e+10      3.125e-09      3.125e-09      
3.440     285.654   85.911    98.355    126.875   67.031    203.125   0.911     3.187e+10      3.133e-09      3.133e-09      
3.450     286.471   86.172    98.628    127.227   67.225    203.712   0.911     3.187e+10      3.142e-09      3.142e-09      
3.460     287.287   86.434    98.901    127.580   67.419    204.299   0.911     3.187e+10      3.151e-09      3.151e-09      
3.470     288.103   86.696    99.174    127.932   67.612    204.886   0.911     3.187e+10      3.160e-09      3.160e-09      
3.480     288.919   86.957    99.447    128.284   67.806    205.473   0.911     3.187e+10      3.168e-09      3.168e-09      
3.490     289.735   87.219    99.720    128.636   68.000    206.060   0.912     3.187e+10      3.177e-09      3.177e-09      
3.500     290.551   87.481    99.993    128.988   68.194    206.647   0.912     3.187e+10      3.186e-09      3.186e-09      
3.510     291.367   87.742    100.266   129.341   68.387    207.234   0.912     3.187e+10      3.194e-09      3.194e-09      
3.520     292.184   88.004    100.539   129.693   68.581    207.821   0.912     3.187e+10      3.203e-09      3.203e-09      
3.530     293.000   88.265    100.812   130.045   68.775    208.408   0.912     3.187e+10      3.212e-09      3.212e-09      
3.540     293.816   88.527    101.085   130.397   68.969    208.996   0.913     3.187e+10      3.220e-09      3.220e-09      
3.550     294.632   88.789    101.358   130.750   69.162    209.583   0.913     3.187e+10      3.229e-09      3.229e-09      
3.560     295.448   89.050    101.631   131.102   69.356    210.170   0.913     3.187e+10      3.238e-09      3.238e-09      
3.570     296.264   89.312    101.904   131.454   69.550    210.757   0.913     3.187e+10      3.247e-09      3.247e-09      
3.580     297.080   89.574    102.177   131.806   69.743    211.344   0.914     3.187e+10      3.255e-09      3.255e-09      
3.590     297.897   89.835    102.450   132.158   69.937    211.931   0.914     3.187e+10      3.264e-09      3.264e-09      
3.600     298.713   90.097    102.723   132.511   70.131    212.518   0.914     3.187e+10      3.273e-09      3.273e-09      
3.610     299.529   90.359    102.996   132.863   70.325    213.105   0.914     3.187e+10      3.281e-09      3.281e-09      
3.620     300.345   90.620    103.269   133.215   70.518    213.692   0.914     3.187e+10      3.290e-09      3.290e-09      
3.630     301.161   90.882    103.542   133.567   70.712    214.279   0.915     3.187e+10      3.299e-09      3.299e-09      
3.640     301.977   91.143    103.815   133.920   70.906    214.866   0.915     3.187e+10      3.307e-09      3.307e-09      
3.650     302.793   91.405    104.088   134.272   71.099    215.453   0.915     3.187e+10      3.316e-09      3.316e-09      
3.660     303.610   91.667    104.362   134.624   71.293    216.040   0.915     3.187e+10      3.325e-09      3.325e-09      
3.670     304.426   91.928    104.635   134.976   71.487    216.627   0.915     3.187e+10      3.334e-09      3.334e-09      
3.680     305.242   92.190    104.908   135.328   71.681    217.214   0.916     3.187e+10      3.342e-09      3.342e-09      
3.690     306.058   92.452    105.181   135.681   71.874    217.801   0.916     3.187e+10      3.351e-09      3.351e-09      
3.700     306.874   92.713    105.454   136.033   72.068    218.388   0.916     3.187e+10      3.360e-09      3.360e-09      
3.710     307.690   92.975    105.727   136.385   72.262    218.975   0.916     3.187e+10      3.368e-09      3.368e-09      
3.720     308.506   93.236    106.000   136.737   72.455    219.562   0.916     3.187e+10      3.377e-09      3.377e-09      
3.730     309.323   93.498    106.273   137.089   72.649    220.149   0.917     3.187e+10      3.386e-09      3.386e-09      
3.740     310.139   93.760    106.546   137.442   72.843    220.736   0.917     3.187e+10      3.394e-09      3.394e-09      
3.750     310.955   94.021    106.819   137.794   73.037    221.323   0.917     3.187e+10      3.403e-09      3.403e-09      
3.760     311.771   94.283    107.092   138.146   73.230    221.910   0.917     3.187e+10      3.412e-09      3.412e-09      
3.770     312.587   94.545    107.365   138.498   73.424    222.497   0.917     3.187e+10      3.420e-09      3.420e-09      
3.780     313.403   94.806    107.638   138.851   73.618    223.084   0.917     3.187e+10      3.429e-09      3.429e-09      
3.790     314.219   95.068    107.911   139.203   73.812    223.671   0.918     3.187e+10      3.438e-09      3.438e-09      
3.800     315.036   95.330    108.184   139.555   74.005    224.258   0.918     3.187e+10      3.447e-09      3.447e-09      
3.810     315.852   95.591    108.457   139.907   74.199    224.845   0.918     3.187e+10      3.455e-09      3.455e-09      
3.820     316.668   95.853    108.730   140.259   74.393    225.432   0.918     3.187e+10      3.464e-09      3.464e-09      
3.830     317.484   96.114    109.003   140.612   74.586    226.019   0.918     3.187e+10      3.473e-09      3.473e-09      
3.840     318.300   96.376    109.276   140.964   74.780    226.607   0.919     3.187e+10      3.481e-09      3.481e-09      
3.850     319.116   96.638    109.549   141.316   74.974    227.194   0.919     3.187e+10      3.490e-09      3.490e-09      
3.860     319.933   96.899    109.822   141.668   75.168    227.781   0.919     3.187e+10      3.499e-09      3.499e-09      
3.870     320.749   97.161    110.095   142.021   75.361    228.368   0.919     3.187e+10      3.507e-09      3.507e-09      
3.880     321.565   97.423    110.368   142.373   75.555    228.955   0.919     3.187e+10      3.516e-09      3.516e-09      
3.890     322.381   97.684    110.642   142.725   75.749    229.542   0.919     3.187e+10      3.525e-09      3.525e-09      
3.900     323.197   97.946    110.915   143.077   75.942    230.129   0.920     3.187e+10      3.534e-09      3.534e-09      
3.910     324.013   98.208    111.188   143.429   76.136    230.716   0.920     3.187e+10      3.542e-09      3.542e-09      
3.920     324.829   98.469    111.461   143.782   76.330    231.303   0.920     3.187e+10      3.551e-09      3.551e-09      
3.930     325.646   98.731    111.734   144.134   76.524    231.890   0.920     3.187e+10      3.560e-09      3.560e-09      
3.940     326.462   98.992    112.007   144.486   76.717    232.477   0.920     3.187e+10      3.568e-09      3.568e-09      
3.950     327.278   99.254    112.280   144.838   76.911    233.064   0.921     3.187e+10      3.577e-09      3.577e-09      
3.960     328.094   99.516    112.553   145.191   77.105    233.651   0.921     3.187e+10      3.586e-09      3.586e-09      
3.970     328.910   99.777    112.826   145.543   77.299    234.238   0.921     3.187e+10      3.594e-09      3.594e-09      
3.980     329.726   100.039   113.099   145.895   77.492    234.825   0.921     3.187e+10      3.603e-09      3.603e-09      
3.990     330.542   100.301   113.372   146.247   77.686    235.412   0.921     3.187e+10      3.612e-09      3.612e-09      
4.000     331.359   100.562   113.645   146.599   77.880    235.999   0.921     3.187e+10      3.621e-09      3.621e-09      
4.010     332.175   100.824   113.918   146.952   78.073    236.586   0.922     3.187e+10      3.629e-09      3.629e-09      
4.020     332.991   101.085   114.191   147.304   78.267    237.173   0.922     3.187e+10      3.638e-09      3.638e-09      
4.030     333.807   101.347   114.464   147.656   78.461    237.760   0.922     3.187e+10      3.647e-09      3.647e-09      
4.040     334.623   101.609   114.737   148.008   78.655    238.347   0.922     3.187e+10      3.655e-09      3.655e-09      
4.050     335.439   101.870   115.010   148.361   78.848    238.934   0.922     3.187e+10      3.664e-09      3.664e-09      
4.060     336.255   102.132   115.283   148.713   79.042    239.521   0.922     3.187e+10      3.673e-09      3.673e-09      
4.070     337.072   102.394   115.556   149.065   79.236    240.108   0.923     3.187e+10      3.681e-09      3.681e-09      
4.080     337.888   102.655   115.829   149.417   79.429    240.695   0.923     3.187e+10      3.690e-09      3.690e-09      
4.090     338.704   102.917   116.102   149.769   79.623    241.282   0.923     3.187e+10      3.699e-09      3.699e-09      
4.100     339.520   103.179   116.375   150.122   79.817    241.869   0.923     3.187e+10      3.708e-09      3.708e-09      
4.110     340.336   103.440   116.648   150.474   80.011    242.456   0.923     3.187e+10      3.716e-09      3.716e-09      
4.120     341.152   103.702   116.922   150.826   80.204    243.043   0.923     3.187e+10      3.725e-09      3.725e-09      
4.130     341.968   103.963   117.195   151.178   80.398    243.630   0.924     3.187e+10      3.734e-09      3.734e-09      
4.140     342.785   104.225   117.468   151.531   80.592    244.218   0.924     3.187e+10      3.742e-09      3.742e-09      
4.150     343.601   104.487   117.741   151.883   80.786    244.805   0.924     3.187e+10      3.751e-09      3.751e-09      
4.160     344.417   104.748   118.014   152.235   80.979    245.392   0.924     3.187e+10      3.760e-09      3.760e-09      
4.170     345.233   105.010   118.287   152.587   81.173    245.979   0.924     3.187e+10      3.768e-09      3.768e-09      
4.180     346.049   105.272   118.560   152.939   81.367    246.566   0.924     3.187e+10      3.777e-09      3.777e-09      
4.190     346.865   105.533   118.833   153.292   81.560    247.153   0.925     3.187e+10      3.786e-09      3.786e-09      
4.200     347.681   105.795   119.106   153.644   81.754    247.740   0.925     3.187e+10      3.795e-09      3.795e-09      
4.210     348.498   106.056   119.379   153.996   81.948    248.327   0.925     3.187e+10      3.803e-09      3.803e-09      
4.220     349.314   106.318   119.652   154.348   82.142    248.914   0.925     3.187e+10      3.812e-09      3.812e-09      
4.230     350.130   106.580   119.925   154.700   82.335    249.501   0.925     3.187e+10      3.821e-09      3.821e-09      
4.240     350.946   106.841   120.198   155.053   82.529    250.088   0.925     3.187e+10      3.829e-09      3.829e-09      
4.250     351.762   107.103   120.471   155.405   82.723    250.675   0.925     3.187e+10      3.838e-09      3.838e-09      
4.260     352.578   107.365   120.744   155.757   82.916    251.262   0.926     3.187e+10      3.847e-09      3.847e-09      
4.270     353.394   107.626   121.017   156.109   83.110    251.849   0.926     3.187e+10      3.855e-09      3.855e-09      
4.280     354.211   107.888   121.290   156.462   83.304    252.436   0.926     3.187e+10      3.864e-09      3.864e-09      
4.290     355.027   108.150   121.563   156.814   83.498    253.023   0.926     3.187e+10      3.873e-09      3.873e-09      
4.300     355.843   108.411   121.836   157.166   83.691    253.610   0.926     3.187e+10      3.882e-09      3.882e-09      
4.310     356.659   108.673   122.109   157.518   83.885    254.197   0.926     3.187e+10      3.890e-09      3.890e-09      
4.320     357.475   108.934   122.382   157.870   84.079    254.784   0.926     3.187e+10      3.899e-09      3.899e-09      
4.330     358.291   109.196   122.655   158.223   84.272    255.371   0.927     3.187e+10      3.908e-09      3.908e-09      
4.340     359.107   109.458   122.928   158.575   84.466    255.958   0.927     3.187e+10      3.916e-09      3.916e-09      
4.350     359.924   109.719   123.202   158.927   84.660    256.545   0.927     3.187e+10      3.925e-09      3.925e-09      
4.360     360.740   109.981   123.475   159.279   84.854    257.132   0.927     3.187e+10      3.934e-09      3.934e-09      
4.370     361.556   110.243   123.748   159.632   85.047    257.719   0.927     3.187e+10      3.942e-09      3.942e-09      
4.380     362.372   110.504   124.021   159.984   85.241    258.306   0.927     3.187e+10      3.951e-09      3.951e-09      
4.390     363.188   110.766   124.294   160.336   85.435    258.893   0.928     3.187e+10      3.960e-09      3.960e-09      
4.400     364.004   111.028   124.567   160.688   85.629    259.480   0.928     3.187e+10      3.969e-09      3.969e-09      
4.410     364.820   111.289   124.840   161.040   85.822    260.067   0.928     3.187e+10      3.977e-09      3.977e-09      
4.420     365.637   111.551   125.113   161.393   86.016    260.654   0.928     3.187e+10      3.986e-09      3.986e-09      
4.430     366.453   111.812   125.386   161.745   86.210    261.241   0.928     3.187e+10      3.995e-09      3.995e-09      
4.440     367.269   112.074   125.659   162.097   86.403    261.829   0.928     3.187e+10      4.003e-09      4.003e-09      
4.450     368.085   112.336   125.932   162.449   86.597    262.416   0.928     3.187e+10      4.012e-09      4.012e-09      
4.460     368.901   112.597   126.205   162.802   86.791    263.003   0.929     3.187e+10      4.021e-09      4.021e-09      
4.470     369.717   112.859   126.478   163.154   86.985    263.590   0.929     3.187e+10      4.029e-09      4.029e-09      
4.480     370.533   113.121   126.751   163.506   87.178    264.177   0.929     3.187e+10      4.038e-09      4.038e-09      
4.490     371.350   113.382   127.024   163.858   87.372    264.764   0.929     3.187e+10      4.047e-09      4.047e-09      
4.500     372.166   113.644   127.297   164.210   87.566    265.351   0.929     3.187e+10      4.056e-09      4.056e-09      
4.510     372.982   113.905   127.570   164.563   87.759    265.938   0.929     3.187e+10      4.064e-09      4.064e-09      
4.520     373.798   114.167   127.843   164.915   87.953    266.525   0.929     3.187e+10      4.073e-09      4.073e-09      
4.530     374.614   114.429   128.116   165.267   88.147    267.112   0.929     3.187e+10      4.082e-09      4.082e-09      
4.540     375.430   114.690   128.389   165.619   88.341    267.699   0.930     3.187e+10      4.090e-09      4.090e-09      
4.550     376.246   114.952   128.662   165.972   88.534    268.286   0.930     3.187e+10      4.099e-09      4.099e-09      
4.560     377.063   115.214   128.935   166.324   88.728    268.873   0.930     3.187e+10      4.108e-09      4.108e-09      
4.570     377.879   115.475   129.208   166.676   88.922    269.460   0.930     3.187e+10      4.116e-09      4.116e-09      
4.580     378.695   115.737   129.482   167.028   89.116    270.047   0.930     3.187e+10      4.125e-09      4.125e-09      
4.590     379.511   115.999   129.755   167.380   89.309    270.634   0.930     3.187e+10      4.134e-09      4.134e-09      
4.600     380.327   116.260   130.028   167.733   89.503    271.221   0.930     3.187e+10      4.142e-09      4.142e-09      
4.610     381.143   116.522   130.301   168.085   89.697    271.808   0.931     3.187e+10      4.151e-09      4.151e-09      
4.620     381.959   116.783   130.574   168.437   89.890    272.395   0.931     3.187e+10      4.160e-09      4.160e-09      
4.630     382.776   117.045   130.847   168.789   90.084    272.982   0.931     3.187e+10      4.169e-09      4.169e-09      
4.640     383.592   117.307   131.120   169.142   90.278    273.569   0.931     3.187e+10      4.177e-09      4.177e-09      
4.650     384.408   117.568   131.393   169.494   90.472    274.156   0.931     3.187e+10      4.186e-09      4.186e-09      
4.660     385.224   117.830   131.666   169.846   90.665    274.743   0.931     3.187e+10      4.195e-09      4.195e-09      
4.670     386.040   118.092   131.939   170.198   90.859    275.330   0.931     3.187e+10      4.203e-09      4.203e-09      
4.680     386.856   118.353   132.212   170.550   91.053    275.917   0.931     3.187e+10      4.212e-09      4.212e-09      
4.690     387.672   118.615   132.485   170.903   91.246    276.504   0.932     3.187e+10      4.221e-09      4.221e-09      
4.700     388.489   118.877   132.758   171.255   91.440    277.091   0.932     3.187e+10      4.229e-09      4.229e-09      
4.710     389.305   119.138   133.031   171.607   91.634    277.678   0.932     3.187e+10      4.238e-09      4.238e-09      
4.720     390.121   119.400   133.304   171.959   91.828    278.265   0.932     3.187e+10      4.247e-09      4.247e-09      
4.730     390.937   119.661   133.577   172.312   92.021    278.853   0.932     3.187e+10      4.256e-09      4.256e-09      
4.740     391.753   119.923   133.850   172.664   92.215    279.440   0.932     3.187e+10      4.264e-09      4.264e-09      
4.750     392.569   120.185   134.123   173.016   92.409    280.027   0.932     3.187e+10      4.273e-09      4.273e-09      
4.760     393.386   120.446   134.396   173.368   92.602    280.614   0.932     3.187e+10      4.282e-09      4.282e-09      
4.770     394.202   120.708   134.669   173.720   92.796    281.201   0.933     3.187e+10      4.290e-09      4.290e-09      
4.780     395.018   120.970   134.942   174.073   92.990    281.788   0.933     3.187e+10      4.299e-09      4.299e-09      
4.790     395.834   121.231   135.215   174.425   93.184    282.375   0.933     3.187e+10      4.308e-09      4.308e-09      
4.800     396.650   121.493   135.489   174.777   93.377    282.962   0.933     3.187e+10      4.316e-09      4.316e-09      
4.810     397.466   121.754   135.762   175.129   93.571    283.549   0.933     3.187e+10      4.325e-09      4.325e-09      
4.820     398.282   122.016   136.035   175.481   93.765    284.136   0.933     3.187e+10      4.334e-09      4.334e-09      
4.830     399.099   122.278   136.308   175.834   93.959    284.723   0.933     3.187e+10      4.343e-09      4.343e-09      
4.840     399.915   122.539   136.581   176.186   94.152    285.310   0.933     3.187e+10      4.351e-09      4.351e-09      
4.850     400.731   122.801   136.854   176.538   94.346    285.897   0.934     3.187e+10      4.360e-09      4.360e-09      
4.860     401.547   123.063   137.127   176.890   94.540    286.484   0.934     3.187e+10      4.369e-09      4.369e-09      
4.870     402.363   123.324   137.400   177.243   94.733    287.071   0.934     3.187e+10      4.377e-09      4.377e-09      
4.880     403.179   123.586   137.673   177.595   94.927    287.658   0.934     3.187e+10      4.386e-09      4.386e-09      
4.890     403.995   123.848   137.946   177.947   95.121    288.245   0.934     3.187e+10      4.395e-09      4.395e-09      
4.900     404.812   124.109   138.219   178.299   95.315    288.832   0.934     3.187e+10      4.403e-09      4.403e-09      
4.910     405.628   124.371   138.492   178.651   95.508    289.419   0.934     3.187e+10      4.412e-09      4.412e-09      
4.920     406.444   124.632   138.765   179.004   95.702    290.006   0.934     3.187e+10      4.421e-09      4.421e-09      
4.930     407.260   124.894   139.038   179.356   95.896    290.593   0.935     3.187e+10      4.430e-09      4.430e-09      
4.940     408.076   125.156   139.311   179.708   96.089    291.180   0.935     3.187e+10      4.438e-09      4.438e-09      
4.950     408.892   125.417   139.584   180.060   96.283    291.767   0.935     3.187e+10      4.447e-09      4.447e-09      
4.960     409.708   125.679   139.857   180.413   96.477    292.354   0.935     3.187e+10      4.456e-09      4.456e-09      
4.970     410.525   125.941   140.130   180.765   96.671    292.941   0.935     3.187e+10      4.464e-09      4.464e-09      
4.980     411.341   126.202   140.403   181.117   96.864    293.528   0.935     3.187e+10      4.473e-09      4.473e-09      
4.990     412.157   126.464   140.676   181.469   97.058    294.115   0.935     3.187e+10      4.482e-09      4.482e-09      
5.000     412.973   126.725   140.949   181.821   97.252    294.702   0.935     3.187e+10      4.490e-09      4.490e-09      
5.010     413.789   126.987   141.222   182.174   97.446    295.289   0.935     3.187e+10      4.499e-09      4.499e-09      
5.020     414.605   127.249   141.495   182.526   97.639    295.876   0.936     3.187e+10      4.508e-09      4.508e-09      
5.030     415.421   127.510   141.769   182.878   97.833    296.464   0.936     3.187e+10      4.517e-09      4.517e-09      
5.040     416.238   127.772   142.042   183.230   98.027    297.051   0.936     3.187e+10      4.525e-09      4.525e-09      
5.050     417.054   128.034   142.315   183.583   98.220    297.638   0.936     3.187e+10      4.534e-09      4.534e-09      
5.060     417.870   128.295   142.588   183.935   98.414    298.225   0.936     3.187e+10      4.543e-09      4.543e-09      
5.070     418.686   128.557   142.861   184.287   98.608    298.812   0.936     3.187e+10      4.551e-09      4.551e-09      
5.080     419.502   128.819   143.134   184.639   98.802    299.399   0.936     3.187e+10      4.560e-09      4.560e-09      
5.090     420.318   129.080   143.407   184.991   98.995    299.986   0.936     3.187e+10      4.569e-09      4.569e-09      
5.100     421.134   129.342   143.680   185.344   99.189    300.573   0.936     3.187e+10      4.577e-09      4.577e-09      
5.110     421.951   129.603   143.953   185.696   99.383    301.160   0.937     3.187e+10      4.586e-09      4.586e-09      
5.120     422.767   129.865   144.226   186.048   99.576    301.747   0.937     3.187e+10      4.595e-09      4.595e-09      
5.130     423.583   130.127   144.499   186.400   99.770    302.334   0.937     3.187e+10      4.604e-09      4.604e-09      
5.140     424.399   130.388   144.772   186.753   99.964    302.921   0.937     3.187e+10      4.612e-09      4.612e-09      
5.150     425.215   130.650   145.045   187.105   100.158   303.508   0.937     3.187e+10      4.621e-09      4.621e-09      
5.160     426.031   130.912   145.318   187.457   100.351   304.095   0.937     3.187e+10      4.630e-09      4.630e-09      
5.170     426.847   131.173   145.591   187.809   100.545   304.682   0.937     3.187e+10      4.638e-09      4.638e-09      
5.180     427.664   131.435   145.864   188.161   100.739   305.269   0.937     3.187e+10      4.647e-09      4.647e-09      
5.190     428.480   131.697   146.137   188.514   100.932   305.856   0.937     3.187e+10      4.656e-09      4.656e-09      
5.200     429.296   131.958   146.410   188.866   101.126   306.443   0.938     3.187e+10      4.664e-09      4.664e-09      
5.210     430.112   132.220   146.683   189.218   101.320   307.030   0.938     3.187e+10      4.673e-09      4.673e-09      
5.220     430.928   132.481   146.956   189.570   101.514   307.617   0.938     3.187e+10      4.682e-09      4.682e-09      
5.230     431.744   132.743   147.229   189.923   101.707   308.204   0.938     3.187e+10      4.691e-09      4.691e-09      
5.240     432.560   133.005   147.502   190.275   101.901   308.791   0.938     3.187e+10      4.699e-09      4.699e-09      
5.250     433.377   133.266   147.775   190.627   102.095   309.378   0.938     3.187e+10      4.708e-09      4.708e-09      
5.260     434.193   133.528   148.049   190.979   102.289   309.965   0.938     3.187e+10      4.717e-09      4.717e-09      
5.270     435.009   133.790   148.322   191.331   102.482   310.552   0.938     3.187e+10      4.725e-09      4.725e-09      
5.280     435.825   134.051   148.595   191.684   102.676   311.139   0.938     3.187e+10      4.734e-09      4.734e-09      
5.290     436.641   134.313   148.868   192.036   102.870   311.726   0.938     3.187e+10      4.743e-09      4.743e-09      
5.300     437.457   134.574   149.141   192.388   103.063   312.313   0.939     3.187e+10      4.751e-09      4.751e-09      
5.310     438.273   134.836   149.414   192.740   103.257   312.900   0.939     3.187e+10      4.760e-09      4.760e-09      
5.320     439.090   135.098   149.687   193.092   103.451   313.487   0.939     3.187e+10      4.769e-09      4.769e-09      
5.330     439.906   135.359   149.960   193.445   103.645   314.075   0.939     3.187e+10      4.778e-09      4.778e-09      
5.340     440.722   135.621   150.233   193.797   103.838   314.662   0.939     3.187e+10      4.786e-09      4.786e-09      
5.350     441.538   135.883   150.506   194.149   104.032   315.249   0.939     3.187e+10      4.795e-09      4.795e-09      
5.360     442.354   136.144   150.779   194.501   104.226   315.836   0.939     3.187e+10      4.804e-09      4.804e-09      
5.370     443.170   136.406   151.052   194.854   104.419   316.423   0.939     3.187e+10      4.812e-09      4.812e-09      
5.380     443.986   136.668   151.325   195.206   104.613   317.010   0.939     3.187e+10      4.821e-09      4.821e-09      
5.390     444.803   136.929   151.598   195.558   104.807   317.597   0.939     3.187e+10      4.830e-09      4.830e-09      
5.400     445.619   137.191   151.871   195.910   105.001   318.184   0.940     3.187e+10      4.838e-09      4.838e-09      
5.410     446.435   137.452   152.144   196.262   105.194   318.771   0.940     3.187e+10      4.847e-09      4.847e-09      
5.420     447.251   137.714   152.417   196.615   105.388   319.358   0.940     3.187e+10      4.856e-09      4.856e-09      
5.430     448.067   137.976   152.690   196.967   105.582   319.945   0.940     3.187e+10      4.864e-09      4.864e-09      
5.440     448.883   138.237   152.963   197.319   105.776   320.532   0.940     3.187e+10      4.873e-09      4.873e-09      
5.450     449.699   138.499   153.236   197.671   105.969   321.119   0.940     3.187e+10      4.882e-09      4.882e-09      
5.460     450.516   138.761   153.509   198.024   106.163   321.706   0.940     3.187e+10      4.891e-09      4.891e-09      
5.470     451.332   139.022   153.782   198.376   106.357   322.293   0.940     3.187e+10      4.899e-09      4.899e-09      
5.480     452.148   139.284   154.055   198.728   106.550   322.880   0.940     3.187e+10      4.908e-09      4.908e-09      
5.490     452.964   139.545   154.329   199.080   106.744   323.467   0.940     3.187e+10      4.917e-09      4.917e-09      
5.500     453.780   139.807   154.602   199.432   106.938   324.054   0.941     3.187e+10      4.925e-09      4.925e-09      
5.510     454.596   140.069   154.875   199.785   107.132   324.641   0.941     3.187e+10      4.934e-09      4.934e-09      
5.520     455.412   140.330   155.148   200.137   107.325   325.228   0.941     3.187e+10      4.943e-09      4.943e-09      
5.530     456.229   140.592   155.421   200.489   107.519   325.815   0.941     3.187e+10      4.951e-09      4.951e-09      
5.540     457.045   140.854   155.694   200.841   107.713   326.402   0.941     3.187e+10      4.960e-09      4.960e-09      
5.550     457.861   141.115   155.967   201.194   107.906   326.989   0.941     3.187e+10      4.969e-09      4.969e-09      
5.560     458.677   141.377   156.240   201.546   108.100   327.576   0.941     3.187e+10      4.978e-09      4.978e-09      
5.570     459.493   141.639   156.513   201.898   108.294   328.163   0.941     3.187e+10      4.986e-09      4.986e-09      
5.580     460.309   141.900   156.786   202.250   108.488   328.750   0.941     3.187e+10      4.995e-09      4.995e-09      
5.590     461.126   142.162   157.059   202.602   108.681   329.337   0.941     3.187e+10      5.004e-09      5.004e-09      
5.600     461.942   142.423   157.332   202.955   108.875   329.924   0.942     3.187e+10      5.012e-09      5.012e-09      
5.610     462.758   142.685   157.605   203.307   109.069   330.511   0.942     3.187e+10      5.021e-09      5.021e-09      
5.620     463.574   142.947   157.878   203.659   109.263   331.098   0.942     3.187e+10      5.030e-09      5.030e-09      
5.630     464.390   143.208   158.151   204.011   109.456   331.686   0.942     3.187e+10      5.038e-09      5.038e-09      
5.640     465.206   143.470   158.424   204.364   109.650   332.273   0.942     3.187e+10      5.047e-09      5.047e-09      
5.650     466.022   143.732   158.697   204.716   109.844   332.860   0.942     3.187e+10      5.056e-09      5.056e-09      
5.660     466.839   143.993   158.970   205.068   110.037   333.447   0.942     3.187e+10      5.065e-09      5.065e-09      
5.670     467.655   144.255   159.243   205.420   110.231   334.034   0.942     3.187e+10      5.073e-09      5.073e-09      
5.680     468.471   144.517   159.516   205.772   110.425   334.621   0.942     3.187e+10      5.082e-09      5.082e-09      
5.690     469.287   144.778   159.789   206.125   110.619   335.208   0.942     3.187e+10      5.091e-09      5.091e-09      
5.700     470.103   145.040   160.062   206.477   110.812   335.795   0.942     3.187e+10      5.099e-09      5.099e-09      
5.710     470.919   145.301   160.335   206.829   111.006   336.382   0.943     3.187e+10      5.108e-09      5.108e-09      
5.720     471.735   145.563   160.609   207.181   111.200   336.969   0.943     3.187e+10      5.117e-09      5.117e-09      
5.730     472.552   145.825   160.882   207.534   111.393   337.556   0.943     3.187e+10      5.125e-09      5.125e-09      
5.740     473.368   146.086   161.155   207.886   111.587   338.143   0.943     3.187e+10      5.134e-09      5.134e-09      
5.750     474.184   146.348   161.428   208.238   111.781   338.730   0.943     3.187e+10      5.143e-09      5.143e-09      
5.760     475.000   146.610   161.701   208.590   111.975   339.317   0.943     3.187e+10      5.152e-09      5.152e-09      
5.770     475.816   146.871   161.974   208.942   112.168   339.904   0.943     3.187e+10      5.160e-09      5.160e-09      
5.780     476.632   147.133   162.247   209.295   112.362   340.491   0.943     3.187e+10      5.169e-09      5.169e-09      
5.790     477.448   147.394   162.520   209.647   112.556   341.078   0.943     3.187e+10      5.178e-09      5.178e-09      
5.800     478.265   147.656   162.793   209.999   112.749   341.665   0.943     3.187e+10      5.186e-09      5.186e-09      
5.810     479.081   147.918   163.066   210.351   112.943   342.252   0.943     3.187e+10      5.195e-09      5.195e-09      
5.820     479.897   148.179   163.339   210.703   113.137   342.839   0.943     3.187e+10      5.204e-09      5.204e-09      
5.830     480.713   148.441   163.612   211.056   113.331   343.426   0.944     3.187e+10      5.212e-09      5.212e-09      
5.840     481.529   148.703   163.885   211.408   113.524   344.013   0.944     3.187e+10      5.221e-09      5.221e-09      
5.850     482.345   148.964   164.158   211.760   113.718   344.600   0.944     3.187e+10      5.230e-09      5.230e-09      
5.860     483.161   149.226   164.431   212.112   113.912   345.187   0.944     3.187e+10      5.239e-09      5.239e-09      
5.870     483.978   149.488   164.704   212.465   114.106   345.774   0.944     3.187e+10      5.247e-09      5.247e-09      
5.880     484.794   149.749   164.977   212.817   114.299   346.361   0.944     3.187e+10      5.256e-09      5.256e-09      
5.890     485.610   150.011   165.250   213.169   114.493   346.948   0.944     3.187e+10      5.265e-09      5.265e-09      
5.900     486.426   150.272   165.523   213.521   114.687   347.535   0.944     3.187e+10      5.273e-09      5.273e-09      
5.910     487.242   150.534   165.796   213.873   114.880   348.122   0.944     3.187e+10      5.282e-09      5.282e-09      
5.920     488.058   150.796   166.069   214.226   115.074   348.709   0.944     3.187e+10      5.291e-09      5.291e-09      
5.930     488.874   151.057   166.342   214.578   115.268   349.297   0.944     3.187e+10      5.299e-09      5.299e-09      
5.940     489.691   151.319   166.615   214.930   115.462   349.884   0.944     3.187e+10      5.308e-09      5.308e-09      
5.950     490.507   151.581   166.889   215.282   115.655   350.471   0.945     3.187e+10      5.317e-09      5.317e-09      
5.960     491.323   151.842   167.162   215.635   115.849   351.058   0.945     3.187e+10      5.326e-09      5.326e-09      
