Program for reverse faulting, modified from general4.f and layer5rev_distrib.f (https://github.com/aochihi/DepthStress)
Reference: Aochi (2018), Aochi & Tsuda (2023)
UPDATE 2024/03/12 by Mike (H. SU)
++++++++++++++++++++++++++++++++++++++++++++
INPUT parameters
static friction coef.  [mu_s]:   0.60
dynamic friction coef.  [mu_d]:   0.33
optimal fault orientation [phi]:  29.52
dip angle [dip]:  58.00
cohesion [cohesion]:   5.00
fault relative prestress [R_assume]:   1.00
++++++++++++++++++++++++++++++++++++++++++++
Depth[km] S1[MPa]   S3[MPa]   t0[MPa]   tp[MPa]   tr[MPa]   n0[MPa]   S         G              strain         strain_min     0.000     17.662    0.000     7.937     12.621    4.192     12.702    1.251     1.009e+10      8.756e-10      8.756e-10      
0.010     18.398    0.236     8.162     12.979    4.388     13.298    1.276     1.009e+10      9.004e-10      8.756e-10      
0.020     19.135    0.472     8.387     13.337    4.585     13.894    1.302     1.009e+10      9.252e-10      8.756e-10      
0.030     19.872    0.708     8.612     13.694    4.782     14.490    1.327     1.009e+10      9.500e-10      8.756e-10      
0.040     20.608    0.945     8.837     14.052    4.979     15.086    1.352     1.009e+10      9.748e-10      8.756e-10      
0.050     21.345    1.181     9.062     14.409    5.175     15.682    1.376     1.009e+10      9.996e-10      8.756e-10      
0.060     22.081    1.417     9.287     14.767    5.372     16.278    1.400     1.009e+10      1.024e-09      8.756e-10      
0.070     22.818    1.653     9.512     15.125    5.569     16.875    1.424     1.009e+10      1.049e-09      8.756e-10      
0.080     23.555    1.889     9.736     15.482    5.765     17.471    1.447     1.009e+10      1.074e-09      8.756e-10      
0.090     24.291    2.125     9.961     15.840    5.962     18.067    1.470     1.009e+10      1.099e-09      8.756e-10      
0.100     25.028    2.361     10.186    16.198    6.159     18.663    1.493     1.009e+10      1.124e-09      8.756e-10      
0.110     25.764    2.597     10.411    16.555    6.355     19.259    1.515     1.009e+10      1.148e-09      8.756e-10      
0.120     26.501    2.834     10.636    16.913    6.552     19.855    1.537     1.009e+10      1.173e-09      8.756e-10      
0.130     27.237    3.070     10.861    17.270    6.749     20.451    1.559     1.009e+10      1.198e-09      8.756e-10      
0.140     27.974    3.306     11.086    17.628    6.945     21.047    1.580     1.009e+10      1.223e-09      8.756e-10      
0.150     28.711    3.542     11.311    17.986    7.142     21.643    1.601     1.009e+10      1.248e-09      8.756e-10      
0.160     29.447    3.778     11.536    18.343    7.339     22.239    1.622     1.009e+10      1.273e-09      8.756e-10      
0.170     30.184    4.014     11.761    18.701    7.536     22.835    1.643     1.009e+10      1.297e-09      8.756e-10      
0.180     30.920    4.250     11.985    19.059    7.732     23.431    1.663     1.009e+10      1.322e-09      8.756e-10      
0.190     31.657    4.486     12.210    19.416    7.929     24.027    1.683     1.009e+10      1.347e-09      8.756e-10      
0.200     32.394    4.723     12.435    19.774    8.126     24.623    1.703     1.009e+10      1.372e-09      8.756e-10      
0.210     33.130    4.959     12.660    20.131    8.322     25.219    1.722     1.009e+10      1.397e-09      8.756e-10      
0.220     33.867    5.195     12.885    20.489    8.519     25.815    1.742     1.009e+10      1.421e-09      8.756e-10      
0.230     34.603    5.431     13.110    20.847    8.716     26.411    1.761     1.009e+10      1.446e-09      8.756e-10      
0.240     35.340    5.667     13.335    21.204    8.912     27.007    1.779     1.009e+10      1.471e-09      8.756e-10      
0.250     36.076    5.903     13.560    21.562    9.109     27.603    1.798     1.009e+10      1.496e-09      8.756e-10      
0.260     36.813    6.139     13.785    21.920    9.306     28.199    1.816     1.009e+10      1.521e-09      8.756e-10      
0.270     37.550    6.375     14.010    22.277    9.502     28.795    1.834     1.009e+10      1.545e-09      8.756e-10      
0.280     38.286    6.612     14.234    22.635    9.699     29.391    1.852     1.009e+10      1.570e-09      8.756e-10      
0.290     39.023    6.848     14.459    22.993    9.896     29.988    1.870     1.009e+10      1.595e-09      8.756e-10      
0.300     39.759    7.084     14.684    23.350    10.093    30.584    1.887     1.009e+10      1.620e-09      8.756e-10      
0.310     40.496    7.320     14.909    23.708    10.289    31.180    1.904     1.009e+10      1.645e-09      8.756e-10      
0.320     41.232    7.556     15.134    24.065    10.486    31.776    1.921     1.009e+10      1.669e-09      8.756e-10      
0.330     41.969    7.792     15.359    24.423    10.683    32.372    1.938     1.009e+10      1.694e-09      8.756e-10      
0.340     42.706    8.028     15.584    24.781    10.879    32.968    1.955     1.009e+10      1.719e-09      8.756e-10      
0.350     43.442    8.264     15.809    25.138    11.076    33.564    1.971     1.009e+10      1.744e-09      8.756e-10      
0.360     44.179    8.501     16.034    25.496    11.273    34.160    1.987     1.009e+10      1.769e-09      8.756e-10      
0.370     44.915    8.737     16.259    25.854    11.469    34.756    2.003     1.009e+10      1.794e-09      8.756e-10      
0.380     45.652    8.973     16.483    26.211    11.666    35.352    2.019     1.009e+10      1.818e-09      8.756e-10      
0.390     46.389    9.209     16.708    26.569    11.863    35.948    2.035     1.009e+10      1.843e-09      8.756e-10      
0.400     47.125    9.445     16.933    26.926    12.060    36.544    2.050     1.009e+10      1.868e-09      8.756e-10      
0.410     47.862    9.681     17.158    27.284    12.256    37.140    2.066     1.009e+10      1.893e-09      8.756e-10      
0.420     48.598    9.917     17.383    27.642    12.453    37.736    2.081     1.009e+10      1.918e-09      8.756e-10      
0.430     49.335    10.153    17.608    27.999    12.650    38.332    2.096     1.009e+10      1.942e-09      8.756e-10      
0.440     50.071    10.390    17.833    28.357    12.846    38.928    2.110     1.009e+10      1.967e-09      8.756e-10      
0.450     50.808    10.626    18.058    28.715    13.043    39.524    2.125     1.009e+10      1.992e-09      8.756e-10      
0.460     51.545    10.862    18.283    29.072    13.240    40.120    2.139     1.009e+10      2.017e-09      8.756e-10      
0.470     52.281    11.098    18.508    29.430    13.436    40.716    2.154     1.009e+10      2.042e-09      8.756e-10      
0.480     53.018    11.334    18.733    29.787    13.633    41.312    2.168     1.009e+10      2.066e-09      8.756e-10      
0.490     53.754    11.570    18.957    30.145    13.830    41.908    2.182     1.009e+10      2.091e-09      8.756e-10      
0.500     54.491    11.806    19.182    30.503    14.026    42.504    2.196     1.009e+10      2.116e-09      8.756e-10      
0.510     55.228    12.042    19.407    30.860    14.223    43.101    2.209     1.009e+10      2.141e-09      8.756e-10      
0.520     55.964    12.279    19.632    31.218    14.420    43.697    2.223     1.009e+10      2.166e-09      8.756e-10      
0.530     56.701    12.515    19.857    31.576    14.617    44.293    2.236     1.009e+10      2.190e-09      8.756e-10      
0.540     57.437    12.751    20.082    31.933    14.813    44.889    2.249     1.009e+10      2.215e-09      8.756e-10      
0.550     58.174    12.987    20.307    32.291    15.010    45.485    2.262     1.009e+10      2.240e-09      8.756e-10      
0.560     58.910    13.223    20.532    32.648    15.207    46.081    2.275     1.009e+10      2.265e-09      8.756e-10      
0.570     59.647    13.459    20.757    33.006    15.403    46.677    2.288     1.009e+10      2.290e-09      8.756e-10      
0.580     60.384    13.695    20.982    33.364    15.600    47.273    2.301     1.009e+10      2.315e-09      8.756e-10      
0.590     61.120    13.931    21.206    33.721    15.797    47.869    2.313     1.009e+10      2.339e-09      8.756e-10      
0.600     61.857    14.168    21.431    34.079    15.993    48.465    2.326     1.009e+10      2.364e-09      8.756e-10      
0.610     62.593    14.404    21.656    34.437    16.190    49.061    2.338     1.009e+10      2.389e-09      8.756e-10      
0.620     63.330    14.640    21.881    34.794    16.387    49.657    2.350     1.009e+10      2.414e-09      8.756e-10      
0.630     64.066    14.876    22.106    35.152    16.584    50.253    2.362     3.571e+10      6.887e-10      6.887e-10      
0.640     64.889    15.140    22.357    35.551    16.803    50.919    2.376     3.571e+10      6.965e-10      6.887e-10      
0.650     65.712    15.403    22.608    35.951    17.023    51.584    2.389     3.571e+10      7.043e-10      6.887e-10      
0.660     66.534    15.667    22.860    36.350    17.242    52.250    2.402     3.571e+10      7.122e-10      6.887e-10      
0.670     67.357    15.931    23.111    36.749    17.462    52.916    2.415     3.571e+10      7.200e-10      6.887e-10      
0.680     68.179    16.194    23.362    37.149    17.682    53.581    2.427     3.571e+10      7.278e-10      6.887e-10      
0.690     69.002    16.458    23.613    37.548    17.901    54.247    2.440     3.571e+10      7.356e-10      6.887e-10      
0.700     69.824    16.722    23.864    37.947    18.121    54.912    2.452     3.571e+10      7.435e-10      6.887e-10      
0.710     70.647    16.986    24.115    38.347    18.341    55.578    2.465     3.571e+10      7.513e-10      6.887e-10      
0.720     71.470    17.249    24.366    38.746    18.560    56.244    2.477     3.571e+10      7.591e-10      6.887e-10      
0.730     72.292    17.513    24.618    39.146    18.780    56.909    2.489     3.571e+10      7.669e-10      6.887e-10      
0.740     73.115    17.777    24.869    39.545    19.000    57.575    2.501     3.571e+10      7.748e-10      6.887e-10      
0.750     73.937    18.040    25.120    39.944    19.219    58.241    2.512     3.571e+10      7.826e-10      6.887e-10      
0.760     74.760    18.304    25.371    40.344    19.439    58.906    2.524     3.571e+10      7.904e-10      6.887e-10      
0.770     75.582    18.568    25.622    40.743    19.659    59.572    2.536     3.571e+10      7.982e-10      6.887e-10      
0.780     76.405    18.831    25.873    41.143    19.878    60.238    2.547     3.571e+10      8.061e-10      6.887e-10      
0.790     77.228    19.095    26.125    41.542    20.098    60.903    2.558     3.571e+10      8.139e-10      6.887e-10      
0.800     78.050    19.359    26.376    41.941    20.318    61.569    2.569     3.571e+10      8.217e-10      6.887e-10      
0.810     78.873    19.622    26.627    42.341    20.537    62.234    2.580     3.571e+10      8.295e-10      6.887e-10      
0.820     79.695    19.886    26.878    42.740    20.757    62.900    2.591     3.571e+10      8.374e-10      6.887e-10      
0.830     80.518    20.150    27.129    43.139    20.977    63.566    2.602     3.571e+10      8.452e-10      6.887e-10      
0.840     81.340    20.414    27.380    43.539    21.196    64.231    2.613     3.571e+10      8.530e-10      6.887e-10      
0.850     82.163    20.677    27.632    43.938    21.416    64.897    2.624     3.571e+10      8.608e-10      6.887e-10      
0.860     82.986    20.941    27.883    44.338    21.636    65.563    2.634     3.571e+10      8.687e-10      6.887e-10      
0.870     83.808    21.205    28.134    44.737    21.855    66.228    2.644     3.571e+10      8.765e-10      6.887e-10      
0.880     84.631    21.468    28.385    45.136    22.075    66.894    2.655     3.571e+10      8.843e-10      6.887e-10      
0.890     85.453    21.732    28.636    45.536    22.295    67.559    2.665     3.571e+10      8.921e-10      6.887e-10      
0.900     86.276    21.996    28.887    45.935    22.514    68.225    2.675     3.571e+10      9.000e-10      6.887e-10      
0.910     87.098    22.259    29.138    46.334    22.734    68.891    2.685     3.571e+10      9.078e-10      6.887e-10      
0.920     87.921    22.523    29.390    46.734    22.954    69.556    2.695     3.571e+10      9.156e-10      6.887e-10      
0.930     88.744    22.787    29.641    47.133    23.173    70.222    2.705     3.571e+10      9.234e-10      6.887e-10      
0.940     89.566    23.050    29.892    47.533    23.393    70.888    2.714     3.571e+10      9.313e-10      6.887e-10      
0.950     90.389    23.314    30.143    47.932    23.613    71.553    2.724     3.571e+10      9.391e-10      6.887e-10      
0.960     91.211    23.578    30.394    48.331    23.832    72.219    2.733     3.571e+10      9.469e-10      6.887e-10      
0.970     92.034    23.842    30.645    48.731    24.052    72.884    2.743     3.571e+10      9.547e-10      6.887e-10      
0.980     92.856    24.105    30.897    49.130    24.272    73.550    2.752     3.571e+10      9.626e-10      6.887e-10      
0.990     93.679    24.369    31.148    49.529    24.491    74.216    2.761     3.571e+10      9.704e-10      6.887e-10      
1.000     94.502    24.633    31.399    49.929    24.711    74.881    2.771     3.571e+10      9.782e-10      6.887e-10      
1.010     95.324    24.896    31.650    50.328    24.931    75.547    2.780     3.571e+10      9.860e-10      6.887e-10      
1.020     96.147    25.160    31.901    50.728    25.150    76.213    2.789     3.571e+10      9.939e-10      6.887e-10      
1.030     96.969    25.424    32.152    51.127    25.370    76.878    2.798     3.571e+10      1.002e-09      6.887e-10      
1.040     97.792    25.687    32.404    51.526    25.589    77.544    2.806     3.571e+10      1.010e-09      6.887e-10      
1.050     98.614    25.951    32.655    51.926    25.809    78.210    2.815     3.571e+10      1.017e-09      6.887e-10      
1.060     99.437    26.215    32.906    52.325    26.029    78.875    2.824     3.571e+10      1.025e-09      6.887e-10      
1.070     100.260   26.478    33.157    52.724    26.248    79.541    2.832     3.571e+10      1.033e-09      6.887e-10      
1.080     101.082   26.742    33.408    53.124    26.468    80.206    2.841     3.571e+10      1.041e-09      6.887e-10      
1.090     101.905   27.006    33.659    53.523    26.688    80.872    2.849     3.571e+10      1.049e-09      6.887e-10      
1.100     102.727   27.270    33.910    53.923    26.907    81.538    2.858     3.571e+10      1.056e-09      6.887e-10      
1.110     103.550   27.533    34.162    54.322    27.127    82.203    2.866     3.571e+10      1.064e-09      6.887e-10      
1.120     104.372   27.797    34.413    54.721    27.347    82.869    2.874     3.571e+10      1.072e-09      6.887e-10      
1.130     105.195   28.061    34.664    55.121    27.566    83.535    2.882     3.571e+10      1.080e-09      6.887e-10      
1.140     106.018   28.324    34.915    55.520    27.786    84.200    2.890     3.571e+10      1.088e-09      6.887e-10      
1.150     106.840   28.588    35.166    55.919    28.006    84.866    2.898     3.571e+10      1.096e-09      6.887e-10      
1.160     107.663   28.852    35.417    56.319    28.225    85.531    2.906     3.571e+10      1.103e-09      6.887e-10      
1.170     108.485   29.115    35.669    56.718    28.445    86.197    2.914     3.571e+10      1.111e-09      6.887e-10      
1.180     109.308   29.379    35.920    57.118    28.665    86.863    2.922     3.571e+10      1.119e-09      6.887e-10      
1.190     110.130   29.643    36.171    57.517    28.884    87.528    2.930     3.571e+10      1.127e-09      6.887e-10      
1.200     110.953   29.906    36.422    57.916    29.104    88.194    2.937     3.118e+09      1.300e-08      1.300e-08      
1.210     111.616   30.119    36.624    58.238    29.281    88.730    2.943     3.118e+09      1.307e-08      1.300e-08      
1.220     112.278   30.331    36.827    58.560    29.458    89.266    2.949     3.118e+09      1.314e-08      1.300e-08      
1.230     112.941   30.544    37.029    58.881    29.635    89.802    2.955     3.118e+09      1.321e-08      1.300e-08      
1.240     113.603   30.756    37.231    59.203    29.812    90.338    2.961     3.118e+09      1.329e-08      1.300e-08      
1.250     114.266   30.968    37.434    59.525    29.989    90.875    2.967     3.118e+09      1.336e-08      1.300e-08      
1.260     114.928   31.181    37.636    59.846    30.166    91.411    2.973     3.118e+09      1.343e-08      1.300e-08      
1.270     115.591   31.393    37.838    60.168    30.342    91.947    2.979     3.118e+09      1.350e-08      1.300e-08      
1.280     116.253   31.606    38.040    60.490    30.519    92.483    2.985     3.118e+09      1.358e-08      1.300e-08      
1.290     116.916   31.818    38.243    60.811    30.696    93.019    2.991     3.118e+09      1.365e-08      1.300e-08      
1.300     117.578   32.030    38.445    61.133    30.873    93.555    2.996     3.118e+09      1.372e-08      1.300e-08      
1.310     118.241   32.243    38.647    61.455    31.050    94.091    3.002     3.118e+09      1.379e-08      1.300e-08      
1.320     118.903   32.455    38.850    61.776    31.227    94.627    3.008     3.118e+09      1.386e-08      1.300e-08      
1.330     119.566   32.667    39.052    62.098    31.404    95.164    3.013     3.118e+09      1.394e-08      1.300e-08      
1.340     120.228   32.880    39.254    62.420    31.581    95.700    3.019     3.118e+09      1.401e-08      1.300e-08      
1.350     120.891   33.092    39.456    62.741    31.758    96.236    3.025     3.118e+09      1.408e-08      1.300e-08      
1.360     121.553   33.305    39.659    63.063    31.935    96.772    3.030     3.118e+09      1.415e-08      1.300e-08      
1.370     122.216   33.517    39.861    63.385    32.112    97.308    3.036     3.118e+09      1.423e-08      1.300e-08      
1.380     122.878   33.729    40.063    63.706    32.289    97.844    3.041     3.118e+09      1.430e-08      1.300e-08      
1.390     123.541   33.942    40.266    64.028    32.465    98.380    3.046     3.118e+09      1.437e-08      1.300e-08      
1.400     124.203   34.154    40.468    64.350    32.642    98.916    3.052     3.118e+09      1.444e-08      1.300e-08      
1.410     124.866   34.367    40.670    64.671    32.819    99.452    3.057     3.118e+09      1.451e-08      1.300e-08      
1.420     125.529   34.579    40.872    64.993    32.996    99.989    3.062     1.294e+10      3.515e-09      3.515e-09      
1.430     126.283   34.821    41.103    65.359    33.198    100.599   3.068     1.294e+10      3.535e-09      3.515e-09      
1.440     127.037   35.063    41.333    65.726    33.399    101.209   3.074     1.294e+10      3.554e-09      3.515e-09      
1.450     127.792   35.304    41.563    66.092    33.601    101.820   3.080     1.294e+10      3.574e-09      3.515e-09      
1.460     128.546   35.546    41.794    66.458    33.802    102.430   3.086     1.294e+10      3.594e-09      3.515e-09      
1.470     129.300   35.788    42.024    66.824    34.003    103.041   3.092     1.294e+10      3.614e-09      3.515e-09      
1.480     130.055   36.030    42.254    67.191    34.205    103.651   3.098     1.294e+10      3.634e-09      3.515e-09      
1.490     130.809   36.272    42.485    67.557    34.406    104.261   3.104     1.294e+10      3.653e-09      3.515e-09      
1.500     131.563   36.514    42.715    67.923    34.608    104.872   3.109     1.294e+10      3.673e-09      3.515e-09      
1.510     132.318   36.755    42.945    68.289    34.809    105.482   3.115     1.294e+10      3.693e-09      3.515e-09      
1.520     133.072   36.997    43.176    68.656    35.011    106.093   3.121     1.294e+10      3.713e-09      3.515e-09      
1.530     133.826   37.239    43.406    69.022    35.212    106.703   3.126     1.294e+10      3.733e-09      3.515e-09      
1.540     134.580   37.481    43.636    69.388    35.413    107.313   3.132     1.294e+10      3.753e-09      3.515e-09      
1.550     135.335   37.723    43.867    69.754    35.615    107.924   3.137     1.294e+10      3.772e-09      3.515e-09      
1.560     136.089   37.964    44.097    70.121    35.816    108.534   3.143     1.294e+10      3.792e-09      3.515e-09      
1.570     136.843   38.206    44.327    70.487    36.018    109.145   3.148     1.294e+10      3.812e-09      3.515e-09      
1.580     137.598   38.448    44.558    70.853    36.219    109.755   3.154     1.294e+10      3.832e-09      3.515e-09      
1.590     138.352   38.690    44.788    71.219    36.421    110.366   3.159     1.294e+10      3.852e-09      3.515e-09      
1.600     139.106   38.932    45.018    71.586    36.622    110.976   3.164     1.294e+10      3.871e-09      3.515e-09      
1.610     139.861   39.173    45.249    71.952    36.823    111.586   3.169     1.294e+10      3.891e-09      3.515e-09      
1.620     140.615   39.415    45.479    72.318    37.025    112.197   3.175     1.294e+10      3.911e-09      3.515e-09      
1.630     141.369   39.657    45.709    72.684    37.226    112.807   3.180     1.294e+10      3.931e-09      3.515e-09      
1.640     142.124   39.899    45.940    73.051    37.428    113.418   3.185     1.294e+10      3.951e-09      3.515e-09      
1.650     142.878   40.141    46.170    73.417    37.629    114.028   3.190     1.294e+10      3.970e-09      3.515e-09      
1.660     143.632   40.383    46.400    73.783    37.831    114.638   3.195     1.294e+10      3.990e-09      3.515e-09      
1.670     144.387   40.624    46.631    74.149    38.032    115.249   3.200     1.294e+10      4.010e-09      3.515e-09      
1.680     145.141   40.866    46.861    74.516    38.234    115.859   3.205     1.294e+10      4.030e-09      3.515e-09      
1.690     145.895   41.108    47.091    74.882    38.435    116.470   3.210     1.294e+10      4.050e-09      3.515e-09      
1.700     146.650   41.350    47.321    75.248    38.636    117.080   3.215     1.294e+10      4.069e-09      3.515e-09      
1.710     147.404   41.592    47.552    75.614    38.838    117.690   3.220     1.294e+10      4.089e-09      3.515e-09      
1.720     148.158   41.833    47.782    75.981    39.039    118.301   3.225     1.294e+10      4.109e-09      3.515e-09      
1.730     148.913   42.075    48.012    76.347    39.241    118.911   3.230     1.294e+10      4.129e-09      3.515e-09      
1.740     149.667   42.317    48.243    76.713    39.442    119.522   3.235     1.294e+10      4.149e-09      3.515e-09      
1.750     150.421   42.559    48.473    77.079    39.644    120.132   3.240     1.294e+10      4.168e-09      3.515e-09      
1.760     151.176   42.801    48.703    77.445    39.845    120.742   3.245     1.294e+10      4.188e-09      3.515e-09      
1.770     151.930   43.043    48.934    77.812    40.046    121.353   3.249     1.294e+10      4.208e-09      3.515e-09      
1.780     152.684   43.284    49.164    78.178    40.248    121.963   3.254     1.294e+10      4.228e-09      3.515e-09      
1.790     153.439   43.526    49.394    78.544    40.449    122.574   3.259     1.294e+10      4.248e-09      3.515e-09      
1.800     154.193   43.768    49.625    78.910    40.651    123.184   3.263     1.294e+10      4.267e-09      3.515e-09      
1.810     154.947   44.010    49.855    79.277    40.852    123.795   3.268     1.294e+10      4.287e-09      3.515e-09      
1.820     155.702   44.252    50.085    79.643    41.054    124.405   3.273     1.294e+10      4.307e-09      3.515e-09      
1.830     156.456   44.493    50.316    80.009    41.255    125.015   3.277     1.294e+10      4.327e-09      3.515e-09      
1.840     157.210   44.735    50.546    80.375    41.456    125.626   3.282     1.294e+10      4.347e-09      3.515e-09      
1.850     157.965   44.977    50.776    80.742    41.658    126.236   3.286     1.294e+10      4.367e-09      3.515e-09      
1.860     158.719   45.219    51.007    81.108    41.859    126.847   3.291     1.294e+10      4.386e-09      3.515e-09      
1.870     159.473   45.461    51.237    81.474    42.061    127.457   3.295     1.294e+10      4.406e-09      3.515e-09      
1.880     160.228   45.703    51.467    81.840    42.262    128.067   3.300     1.294e+10      4.426e-09      3.515e-09      
1.890     160.982   45.944    51.698    82.207    42.464    128.678   3.304     1.294e+10      4.446e-09      3.515e-09      
1.900     161.736   46.186    51.928    82.573    42.665    129.288   3.308     1.294e+10      4.466e-09      3.515e-09      
1.910     162.491   46.428    52.158    82.939    42.867    129.899   3.313     1.294e+10      4.485e-09      3.515e-09      
1.920     163.245   46.670    52.389    83.305    43.068    130.509   3.317     1.294e+10      4.505e-09      3.515e-09      
1.930     163.999   46.912    52.619    83.672    43.269    131.119   3.321     1.294e+10      4.525e-09      3.515e-09      
1.940     164.754   47.153    52.849    84.038    43.471    131.730   3.326     1.294e+10      4.545e-09      3.515e-09      
1.950     165.508   47.395    53.080    84.404    43.672    132.340   3.330     1.294e+10      4.565e-09      3.515e-09      
1.960     166.262   47.637    53.310    84.770    43.874    132.951   3.334     1.294e+10      4.584e-09      3.515e-09      
1.970     167.017   47.879    53.540    85.137    44.075    133.561   3.338     1.294e+10      4.604e-09      3.515e-09      
1.980     167.771   48.121    53.770    85.503    44.277    134.171   3.342     1.294e+10      4.624e-09      3.515e-09      
1.990     168.525   48.363    54.001    85.869    44.478    134.782   3.347     1.294e+10      4.644e-09      3.515e-09      
2.000     169.280   48.604    54.231    86.235    44.679    135.392   3.351     1.294e+10      4.664e-09      3.515e-09      
2.010     170.034   48.846    54.461    86.602    44.881    136.003   3.355     1.294e+10      4.683e-09      3.515e-09      
2.020     170.788   49.088    54.692    86.968    45.082    136.613   3.359     1.294e+10      4.703e-09      3.515e-09      
2.030     171.543   49.330    54.922    87.334    45.284    137.223   3.363     1.323e+10      4.620e-09      4.620e-09      
2.040     172.298   49.572    55.153    87.701    45.486    137.835   3.367     1.323e+10      4.640e-09      4.620e-09      
2.050     173.054   49.814    55.384    88.068    45.687    138.447   3.371     1.323e+10      4.659e-09      4.620e-09      
2.060     173.810   50.057    55.614    88.435    45.889    139.058   3.375     1.323e+10      4.678e-09      4.620e-09      
2.070     174.566   50.299    55.845    88.802    46.091    139.670   3.379     1.323e+10      4.698e-09      4.620e-09      
2.080     175.322   50.541    56.076    89.169    46.293    140.282   3.383     1.323e+10      4.717e-09      4.620e-09      
2.090     176.078   50.784    56.307    89.536    46.495    140.893   3.387     1.323e+10      4.737e-09      4.620e-09      
2.100     176.834   51.026    56.538    89.903    46.697    141.505   3.390     1.323e+10      4.756e-09      4.620e-09      
2.110     177.590   51.268    56.768    90.270    46.899    142.117   3.394     1.323e+10      4.776e-09      4.620e-09      
2.120     178.345   51.511    56.999    90.637    47.100    142.728   3.398     1.323e+10      4.795e-09      4.620e-09      
2.130     179.101   51.753    57.230    91.004    47.302    143.340   3.402     1.323e+10      4.814e-09      4.620e-09      
2.140     179.857   51.995    57.461    91.371    47.504    143.952   3.406     1.323e+10      4.834e-09      4.620e-09      
2.150     180.613   52.237    57.692    91.738    47.706    144.563   3.410     1.323e+10      4.853e-09      4.620e-09      
2.160     181.369   52.480    57.922    92.105    47.908    145.175   3.413     1.323e+10      4.873e-09      4.620e-09      
2.170     182.125   52.722    58.153    92.472    48.110    145.787   3.417     1.323e+10      4.892e-09      4.620e-09      
2.180     182.881   52.964    58.384    92.839    48.311    146.398   3.421     1.323e+10      4.911e-09      4.620e-09      
2.190     183.636   53.207    58.615    93.206    48.513    147.010   3.424     3.187e+10      2.046e-09      2.046e-09      
2.200     184.453   53.468    58.864    93.602    48.731    147.670   3.428     3.187e+10      2.055e-09      2.046e-09      
2.210     185.269   53.730    59.113    93.998    48.949    148.331   3.432     3.187e+10      2.063e-09      2.046e-09      
2.220     186.085   53.992    59.362    94.395    49.167    148.991   3.436     3.187e+10      2.072e-09      2.046e-09      
2.230     186.901   54.253    59.611    94.791    49.385    149.652   3.440     3.187e+10      2.081e-09      2.046e-09      
2.240     187.717   54.515    59.861    95.187    49.603    150.312   3.444     3.187e+10      2.090e-09      2.046e-09      
2.250     188.533   54.776    60.110    95.583    49.821    150.972   3.448     3.187e+10      2.098e-09      2.046e-09      
2.260     189.349   55.038    60.359    95.980    50.039    151.633   3.452     3.187e+10      2.107e-09      2.046e-09      
2.270     190.166   55.300    60.608    96.376    50.257    152.293   3.455     3.187e+10      2.116e-09      2.046e-09      
2.280     190.982   55.561    60.857    96.772    50.475    152.954   3.459     3.187e+10      2.124e-09      2.046e-09      
2.290     191.798   55.823    61.107    97.168    50.693    153.614   3.463     3.187e+10      2.133e-09      2.046e-09      
2.300     192.614   56.085    61.356    97.565    50.911    154.275   3.467     3.187e+10      2.142e-09      2.046e-09      
2.310     193.430   56.346    61.605    97.961    51.129    154.935   3.470     3.187e+10      2.150e-09      2.046e-09      
2.320     194.246   56.608    61.854    98.357    51.346    155.595   3.474     3.187e+10      2.159e-09      2.046e-09      
2.330     195.062   56.870    62.103    98.754    51.564    156.256   3.478     3.187e+10      2.168e-09      2.046e-09      
2.340     195.879   57.131    62.353    99.150    51.782    156.916   3.481     3.187e+10      2.177e-09      2.046e-09      
2.350     196.695   57.393    62.602    99.546    52.000    157.577   3.485     3.187e+10      2.185e-09      2.046e-09      
2.360     197.511   57.654    62.851    99.942    52.218    158.237   3.488     3.187e+10      2.194e-09      2.046e-09      
2.370     198.327   57.916    63.100    100.339   52.436    158.898   3.492     3.187e+10      2.203e-09      2.046e-09      
2.380     199.143   58.178    63.349    100.735   52.654    159.558   3.495     3.187e+10      2.211e-09      2.046e-09      
2.390     199.959   58.439    63.599    101.131   52.872    160.218   3.499     3.187e+10      2.220e-09      2.046e-09      
2.400     200.775   58.701    63.848    101.527   53.090    160.879   3.503     3.187e+10      2.229e-09      2.046e-09      
2.410     201.592   58.963    64.097    101.924   53.308    161.539   3.506     3.187e+10      2.237e-09      2.046e-09      
2.420     202.408   59.224    64.346    102.320   53.526    162.200   3.509     3.187e+10      2.246e-09      2.046e-09      
2.430     203.224   59.486    64.595    102.716   53.744    162.860   3.513     3.187e+10      2.255e-09      2.046e-09      
2.440     204.040   59.748    64.845    103.112   53.962    163.521   3.516     3.187e+10      2.264e-09      2.046e-09      
2.450     204.856   60.009    65.094    103.509   54.180    164.181   3.520     3.187e+10      2.272e-09      2.046e-09      
2.460     205.672   60.271    65.343    103.905   54.398    164.841   3.523     3.187e+10      2.281e-09      2.046e-09      
2.470     206.488   60.532    65.592    104.301   54.616    165.502   3.527     3.187e+10      2.290e-09      2.046e-09      
2.480     207.305   60.794    65.841    104.697   54.834    166.162   3.530     3.187e+10      2.298e-09      2.046e-09      
2.490     208.121   61.056    66.091    105.094   55.051    166.823   3.533     3.187e+10      2.307e-09      2.046e-09      
2.500     208.937   61.317    66.340    105.490   55.269    167.483   3.536     3.187e+10      2.316e-09      2.046e-09      
2.510     209.753   61.579    66.589    105.886   55.487    168.144   3.540     3.187e+10      2.324e-09      2.046e-09      
2.520     210.569   61.841    66.838    106.282   55.705    168.804   3.543     3.187e+10      2.333e-09      2.046e-09      
2.530     211.385   62.102    67.087    106.679   55.923    169.464   3.546     3.187e+10      2.342e-09      2.046e-09      
2.540     212.201   62.364    67.337    107.075   56.141    170.125   3.550     3.187e+10      2.351e-09      2.046e-09      
2.550     213.018   62.625    67.586    107.471   56.359    170.785   3.553     3.187e+10      2.359e-09      2.046e-09      
2.560     213.834   62.887    67.835    107.867   56.577    171.446   3.556     3.187e+10      2.368e-09      2.046e-09      
2.570     214.650   63.149    68.084    108.264   56.795    172.106   3.559     3.187e+10      2.377e-09      2.046e-09      
2.580     215.466   63.410    68.333    108.660   57.013    172.767   3.562     3.187e+10      2.385e-09      2.046e-09      
2.590     216.282   63.672    68.583    109.056   57.231    173.427   3.565     3.187e+10      2.394e-09      2.046e-09      
2.600     217.098   63.934    68.832    109.452   57.449    174.087   3.569     3.187e+10      2.403e-09      2.046e-09      
2.610     217.914   64.195    69.081    109.849   57.667    174.748   3.572     3.187e+10      2.411e-09      2.046e-09      
2.620     218.731   64.457    69.330    110.245   57.885    175.408   3.575     3.187e+10      2.420e-09      2.046e-09      
2.630     219.547   64.719    69.579    110.641   58.103    176.069   3.578     3.187e+10      2.429e-09      2.046e-09      
2.640     220.363   64.980    69.829    111.038   58.321    176.729   3.581     3.187e+10      2.438e-09      2.046e-09      
2.650     221.179   65.242    70.078    111.434   58.539    177.390   3.584     3.187e+10      2.446e-09      2.046e-09      
2.660     221.995   65.503    70.327    111.830   58.757    178.050   3.587     3.187e+10      2.455e-09      2.046e-09      
2.670     222.811   65.765    70.576    112.226   58.974    178.710   3.590     3.187e+10      2.464e-09      2.046e-09      
2.680     223.627   66.027    70.825    112.623   59.192    179.371   3.593     3.187e+10      2.472e-09      2.046e-09      
2.690     224.444   66.288    71.075    113.019   59.410    180.031   3.596     3.187e+10      2.481e-09      2.046e-09      
2.700     225.260   66.550    71.324    113.415   59.628    180.692   3.599     3.187e+10      2.490e-09      2.046e-09      
2.710     226.076   66.812    71.573    113.811   59.846    181.352   3.602     3.187e+10      2.498e-09      2.046e-09      
2.720     226.892   67.073    71.822    114.208   60.064    182.013   3.605     3.187e+10      2.507e-09      2.046e-09      
2.730     227.708   67.335    72.071    114.604   60.282    182.673   3.608     3.187e+10      2.516e-09      2.046e-09      
2.740     228.524   67.596    72.320    115.000   60.500    183.333   3.611     3.187e+10      2.525e-09      2.046e-09      
2.750     229.340   67.858    72.570    115.396   60.718    183.994   3.614     3.187e+10      2.533e-09      2.046e-09      
2.760     230.157   68.120    72.819    115.793   60.936    184.654   3.616     3.187e+10      2.542e-09      2.046e-09      
2.770     230.973   68.381    73.068    116.189   61.154    185.315   3.619     3.187e+10      2.551e-09      2.046e-09      
2.780     231.789   68.643    73.317    116.585   61.372    185.975   3.622     3.187e+10      2.559e-09      2.046e-09      
2.790     232.605   68.905    73.566    116.981   61.590    186.636   3.625     3.187e+10      2.568e-09      2.046e-09      
2.800     233.421   69.166    73.816    117.378   61.808    187.296   3.628     3.187e+10      2.577e-09      2.046e-09      
2.810     234.237   69.428    74.065    117.774   62.026    187.956   3.631     3.187e+10      2.585e-09      2.046e-09      
2.820     235.053   69.690    74.314    118.170   62.244    188.617   3.633     3.187e+10      2.594e-09      2.046e-09      
2.830     235.870   69.951    74.563    118.566   62.462    189.277   3.636     3.187e+10      2.603e-09      2.046e-09      
2.840     236.686   70.213    74.812    118.963   62.679    189.938   3.639     3.187e+10      2.612e-09      2.046e-09      
2.850     237.502   70.474    75.062    119.359   62.897    190.598   3.642     3.187e+10      2.620e-09      2.046e-09      
2.860     238.318   70.736    75.311    119.755   63.115    191.259   3.644     3.187e+10      2.629e-09      2.046e-09      
2.870     239.134   70.998    75.560    120.151   63.333    191.919   3.647     3.187e+10      2.638e-09      2.046e-09      
2.880     239.950   71.259    75.809    120.548   63.551    192.579   3.650     3.187e+10      2.646e-09      2.046e-09      
2.890     240.766   71.521    76.058    120.944   63.769    193.240   3.652     3.187e+10      2.655e-09      2.046e-09      
2.900     241.583   71.783    76.308    121.340   63.987    193.900   3.655     3.187e+10      2.664e-09      2.046e-09      
2.910     242.399   72.044    76.557    121.736   64.205    194.561   3.658     3.187e+10      2.672e-09      2.046e-09      
2.920     243.215   72.306    76.806    122.133   64.423    195.221   3.660     3.187e+10      2.681e-09      2.046e-09      
2.930     244.031   72.568    77.055    122.529   64.641    195.882   3.663     3.187e+10      2.690e-09      2.046e-09      
2.940     244.847   72.829    77.304    122.925   64.859    196.542   3.666     3.187e+10      2.698e-09      2.046e-09      
2.950     245.663   73.091    77.554    123.321   65.077    197.202   3.668     3.187e+10      2.707e-09      2.046e-09      
2.960     246.480   73.352    77.803    123.718   65.295    197.863   3.671     3.187e+10      2.716e-09      2.046e-09      
2.970     247.296   73.614    78.052    124.114   65.513    198.523   3.673     3.187e+10      2.725e-09      2.046e-09      
2.980     248.112   73.876    78.301    124.510   65.731    199.184   3.676     3.187e+10      2.733e-09      2.046e-09      
2.990     248.928   74.137    78.550    124.907   65.949    199.844   3.679     3.187e+10      2.742e-09      2.046e-09      
3.000     249.744   74.399    78.800    125.303   66.167    200.505   3.681     3.187e+10      2.751e-09      2.046e-09      
3.010     250.560   74.661    79.049    125.699   66.384    201.165   3.684     3.187e+10      2.759e-09      2.046e-09      
3.020     251.376   74.922    79.298    126.095   66.602    201.825   3.686     3.187e+10      2.768e-09      2.046e-09      
3.030     252.193   75.184    79.547    126.492   66.820    202.486   3.689     3.187e+10      2.777e-09      2.046e-09      
3.040     253.009   75.445    79.796    126.888   67.038    203.146   3.691     3.187e+10      2.785e-09      2.046e-09      
3.050     253.825   75.707    80.046    127.284   67.256    203.807   3.694     3.187e+10      2.794e-09      2.046e-09      
3.060     254.641   75.969    80.295    127.680   67.474    204.467   3.696     3.187e+10      2.803e-09      2.046e-09      
3.070     255.457   76.230    80.544    128.077   67.692    205.128   3.699     3.187e+10      2.812e-09      2.046e-09      
3.080     256.273   76.492    80.793    128.473   67.910    205.788   3.701     3.187e+10      2.820e-09      2.046e-09      
3.090     257.089   76.754    81.042    128.869   68.128    206.449   3.703     3.187e+10      2.829e-09      2.046e-09      
3.100     257.906   77.015    81.292    129.265   68.346    207.109   3.706     3.187e+10      2.838e-09      2.046e-09      
3.110     258.722   77.277    81.541    129.662   68.564    207.769   3.708     3.187e+10      2.846e-09      2.046e-09      
3.120     259.538   77.539    81.790    130.058   68.782    208.430   3.711     3.187e+10      2.855e-09      2.046e-09      
3.130     260.354   77.800    82.039    130.454   69.000    209.090   3.713     3.187e+10      2.864e-09      2.046e-09      
3.140     261.170   78.062    82.288    130.850   69.218    209.751   3.715     3.187e+10      2.872e-09      2.046e-09      
3.150     261.986   78.323    82.538    131.247   69.436    210.411   3.718     3.187e+10      2.881e-09      2.046e-09      
3.160     262.802   78.585    82.787    131.643   69.654    211.072   3.720     3.187e+10      2.890e-09      2.046e-09      
3.170     263.619   78.847    83.036    132.039   69.872    211.732   3.722     3.187e+10      2.899e-09      2.046e-09      
3.180     264.435   79.108    83.285    132.435   70.089    212.392   3.725     3.187e+10      2.907e-09      2.046e-09      
3.190     265.251   79.370    83.534    132.832   70.307    213.053   3.727     3.187e+10      2.916e-09      2.046e-09      
3.200     266.067   79.632    83.784    133.228   70.525    213.713   3.729     3.187e+10      2.925e-09      2.046e-09      
3.210     266.883   79.893    84.033    133.624   70.743    214.374   3.732     3.187e+10      2.933e-09      2.046e-09      
3.220     267.699   80.155    84.282    134.020   70.961    215.034   3.734     3.187e+10      2.942e-09      2.046e-09      
3.230     268.515   80.416    84.531    134.417   71.179    215.695   3.736     3.187e+10      2.951e-09      2.046e-09      
3.240     269.332   80.678    84.780    134.813   71.397    216.355   3.738     3.187e+10      2.959e-09      2.046e-09      
3.250     270.148   80.940    85.029    135.209   71.615    217.015   3.741     3.187e+10      2.968e-09      2.046e-09      
3.260     270.964   81.201    85.279    135.605   71.833    217.676   3.743     3.187e+10      2.977e-09      2.046e-09      
3.270     271.780   81.463    85.528    136.002   72.051    218.336   3.745     3.187e+10      2.986e-09      2.046e-09      
3.280     272.596   81.725    85.777    136.398   72.269    218.997   3.747     3.187e+10      2.994e-09      2.046e-09      
3.290     273.412   81.986    86.026    136.794   72.487    219.657   3.750     3.187e+10      3.003e-09      2.046e-09      
3.300     274.228   82.248    86.275    137.191   72.705    220.318   3.752     3.187e+10      3.012e-09      2.046e-09      
3.310     275.045   82.510    86.525    137.587   72.923    220.978   3.754     3.187e+10      3.020e-09      2.046e-09      
3.320     275.861   82.771    86.774    137.983   73.141    221.638   3.756     3.187e+10      3.029e-09      2.046e-09      
3.330     276.677   83.033    87.023    138.379   73.359    222.299   3.758     3.187e+10      3.038e-09      2.046e-09      
3.340     277.493   83.294    87.272    138.776   73.577    222.959   3.761     3.187e+10      3.046e-09      2.046e-09      
3.350     278.309   83.556    87.521    139.172   73.794    223.620   3.763     3.187e+10      3.055e-09      2.046e-09      
3.360     279.125   83.818    87.771    139.568   74.012    224.280   3.765     3.187e+10      3.064e-09      2.046e-09      
3.370     279.941   84.079    88.020    139.964   74.230    224.941   3.767     3.187e+10      3.073e-09      2.046e-09      
3.380     280.758   84.341    88.269    140.361   74.448    225.601   3.769     3.187e+10      3.081e-09      2.046e-09      
3.390     281.574   84.603    88.518    140.757   74.666    226.261   3.771     3.187e+10      3.090e-09      2.046e-09      
3.400     282.390   84.864    88.767    141.153   74.884    226.922   3.773     3.187e+10      3.099e-09      2.046e-09      
3.410     283.206   85.126    89.017    141.549   75.102    227.582   3.775     3.187e+10      3.107e-09      2.046e-09      
3.420     284.022   85.388    89.266    141.946   75.320    228.243   3.777     3.187e+10      3.116e-09      2.046e-09      
3.430     284.838   85.649    89.515    142.342   75.538    228.903   3.780     3.187e+10      3.125e-09      2.046e-09      
3.440     285.654   85.911    89.764    142.738   75.756    229.564   3.782     3.187e+10      3.133e-09      2.046e-09      
3.450     286.471   86.172    90.013    143.134   75.974    230.224   3.784     3.187e+10      3.142e-09      2.046e-09      
3.460     287.287   86.434    90.263    143.531   76.192    230.884   3.786     3.187e+10      3.151e-09      2.046e-09      
3.470     288.103   86.696    90.512    143.927   76.410    231.545   3.788     3.187e+10      3.160e-09      2.046e-09      
3.480     288.919   86.957    90.761    144.323   76.628    232.205   3.790     3.187e+10      3.168e-09      2.046e-09      
3.490     289.735   87.219    91.010    144.719   76.846    232.866   3.792     3.187e+10      3.177e-09      2.046e-09      
3.500     290.551   87.481    91.259    145.116   77.064    233.526   3.794     3.187e+10      3.186e-09      2.046e-09      
3.510     291.367   87.742    91.509    145.512   77.282    234.187   3.796     3.187e+10      3.194e-09      2.046e-09      
3.520     292.184   88.004    91.758    145.908   77.500    234.847   3.798     3.187e+10      3.203e-09      2.046e-09      
3.530     293.000   88.265    92.007    146.304   77.717    235.507   3.800     3.187e+10      3.212e-09      2.046e-09      
3.540     293.816   88.527    92.256    146.701   77.935    236.168   3.802     3.187e+10      3.220e-09      2.046e-09      
3.550     294.632   88.789    92.505    147.097   78.153    236.828   3.804     3.187e+10      3.229e-09      2.046e-09      
3.560     295.448   89.050    92.755    147.493   78.371    237.489   3.806     3.187e+10      3.238e-09      2.046e-09      
3.570     296.264   89.312    93.004    147.889   78.589    238.149   3.808     3.187e+10      3.247e-09      2.046e-09      
3.580     297.080   89.574    93.253    148.286   78.807    238.810   3.810     3.187e+10      3.255e-09      2.046e-09      
3.590     297.897   89.835    93.502    148.682   79.025    239.470   3.812     3.187e+10      3.264e-09      2.046e-09      
3.600     298.713   90.097    93.751    149.078   79.243    240.130   3.813     3.187e+10      3.273e-09      2.046e-09      
3.610     299.529   90.359    94.001    149.475   79.461    240.791   3.815     3.187e+10      3.281e-09      2.046e-09      
3.620     300.345   90.620    94.250    149.871   79.679    241.451   3.817     3.187e+10      3.290e-09      2.046e-09      
3.630     301.161   90.882    94.499    150.267   79.897    242.112   3.819     3.187e+10      3.299e-09      2.046e-09      
3.640     301.977   91.143    94.748    150.663   80.115    242.772   3.821     3.187e+10      3.307e-09      2.046e-09      
3.650     302.793   91.405    94.997    151.060   80.333    243.433   3.823     3.187e+10      3.316e-09      2.046e-09      
3.660     303.610   91.667    95.247    151.456   80.551    244.093   3.825     3.187e+10      3.325e-09      2.046e-09      
3.670     304.426   91.928    95.496    151.852   80.769    244.753   3.827     3.187e+10      3.334e-09      2.046e-09      
3.680     305.242   92.190    95.745    152.248   80.987    245.414   3.829     3.187e+10      3.342e-09      2.046e-09      
3.690     306.058   92.452    95.994    152.645   81.205    246.074   3.830     3.187e+10      3.351e-09      2.046e-09      
3.700     306.874   92.713    96.243    153.041   81.422    246.735   3.832     3.187e+10      3.360e-09      2.046e-09      
3.710     307.690   92.975    96.492    153.437   81.640    247.395   3.834     3.187e+10      3.368e-09      2.046e-09      
3.720     308.506   93.236    96.742    153.833   81.858    248.056   3.836     3.187e+10      3.377e-09      2.046e-09      
3.730     309.323   93.498    96.991    154.230   82.076    248.716   3.838     3.187e+10      3.386e-09      2.046e-09      
3.740     310.139   93.760    97.240    154.626   82.294    249.376   3.840     3.187e+10      3.394e-09      2.046e-09      
3.750     310.955   94.021    97.489    155.022   82.512    250.037   3.841     3.187e+10      3.403e-09      2.046e-09      
3.760     311.771   94.283    97.738    155.418   82.730    250.697   3.843     3.187e+10      3.412e-09      2.046e-09      
3.770     312.587   94.545    97.988    155.815   82.948    251.358   3.845     3.187e+10      3.420e-09      2.046e-09      
3.780     313.403   94.806    98.237    156.211   83.166    252.018   3.847     3.187e+10      3.429e-09      2.046e-09      
3.790     314.219   95.068    98.486    156.607   83.384    252.679   3.849     3.187e+10      3.438e-09      2.046e-09      
3.800     315.036   95.330    98.735    157.003   83.602    253.339   3.850     3.187e+10      3.447e-09      2.046e-09      
3.810     315.852   95.591    98.984    157.400   83.820    253.999   3.852     3.187e+10      3.455e-09      2.046e-09      
3.820     316.668   95.853    99.234    157.796   84.038    254.660   3.854     3.187e+10      3.464e-09      2.046e-09      
3.830     317.484   96.114    99.483    158.192   84.256    255.320   3.856     3.187e+10      3.473e-09      2.046e-09      
3.840     318.300   96.376    99.732    158.588   84.474    255.981   3.857     3.187e+10      3.481e-09      2.046e-09      
3.850     319.116   96.638    99.981    158.985   84.692    256.641   3.859     3.187e+10      3.490e-09      2.046e-09      
3.860     319.933   96.899    100.230   159.381   84.910    257.302   3.861     3.187e+10      3.499e-09      2.046e-09      
3.870     320.749   97.161    100.480   159.777   85.127    257.962   3.862     3.187e+10      3.507e-09      2.046e-09      
3.880     321.565   97.423    100.729   160.173   85.345    258.622   3.864     3.187e+10      3.516e-09      2.046e-09      
3.890     322.381   97.684    100.978   160.570   85.563    259.283   3.866     3.187e+10      3.525e-09      2.046e-09      
3.900     323.197   97.946    101.227   160.966   85.781    259.943   3.868     3.187e+10      3.534e-09      2.046e-09      
3.910     324.013   98.208    101.476   161.362   85.999    260.604   3.869     3.187e+10      3.542e-09      2.046e-09      
3.920     324.829   98.469    101.726   161.758   86.217    261.264   3.871     3.187e+10      3.551e-09      2.046e-09      
3.930     325.646   98.731    101.975   162.155   86.435    261.925   3.873     3.187e+10      3.560e-09      2.046e-09      
3.940     326.462   98.992    102.224   162.551   86.653    262.585   3.874     3.187e+10      3.568e-09      2.046e-09      
3.950     327.278   99.254    102.473   162.947   86.871    263.245   3.876     3.187e+10      3.577e-09      2.046e-09      
3.960     328.094   99.516    102.722   163.344   87.089    263.906   3.878     3.187e+10      3.586e-09      2.046e-09      
3.970     328.910   99.777    102.972   163.740   87.307    264.566   3.879     3.187e+10      3.594e-09      2.046e-09      
3.980     329.726   100.039   103.221   164.136   87.525    265.227   3.881     3.187e+10      3.603e-09      2.046e-09      
3.990     330.542   100.301   103.470   164.532   87.743    265.887   3.883     3.187e+10      3.612e-09      2.046e-09      
4.000     331.359   100.562   103.719   164.929   87.961    266.548   3.884     3.187e+10      3.621e-09      2.046e-09      
4.010     332.175   100.824   103.968   165.325   88.179    267.208   3.886     3.187e+10      3.629e-09      2.046e-09      
4.020     332.991   101.085   104.218   165.721   88.397    267.868   3.887     3.187e+10      3.638e-09      2.046e-09      
4.030     333.807   101.347   104.467   166.117   88.615    268.529   3.889     3.187e+10      3.647e-09      2.046e-09      
4.040     334.623   101.609   104.716   166.514   88.832    269.189   3.891     3.187e+10      3.655e-09      2.046e-09      
4.050     335.439   101.870   104.965   166.910   89.050    269.850   3.892     3.187e+10      3.664e-09      2.046e-09      
4.060     336.255   102.132   105.214   167.306   89.268    270.510   3.894     3.187e+10      3.673e-09      2.046e-09      
4.070     337.072   102.394   105.464   167.702   89.486    271.171   3.895     3.187e+10      3.681e-09      2.046e-09      
4.080     337.888   102.655   105.713   168.099   89.704    271.831   3.897     3.187e+10      3.690e-09      2.046e-09      
4.090     338.704   102.917   105.962   168.495   89.922    272.491   3.899     3.187e+10      3.699e-09      2.046e-09      
4.100     339.520   103.179   106.211   168.891   90.140    273.152   3.900     3.187e+10      3.708e-09      2.046e-09      
4.110     340.336   103.440   106.460   169.287   90.358    273.812   3.902     3.187e+10      3.716e-09      2.046e-09      
4.120     341.152   103.702   106.710   169.684   90.576    274.473   3.903     3.187e+10      3.725e-09      2.046e-09      
4.130     341.968   103.963   106.959   170.080   90.794    275.133   3.905     3.187e+10      3.734e-09      2.046e-09      
4.140     342.785   104.225   107.208   170.476   91.012    275.794   3.906     3.187e+10      3.742e-09      2.046e-09      
4.150     343.601   104.487   107.457   170.872   91.230    276.454   3.908     3.187e+10      3.751e-09      2.046e-09      
4.160     344.417   104.748   107.706   171.269   91.448    277.114   3.909     3.187e+10      3.760e-09      2.046e-09      
4.170     345.233   105.010   107.956   171.665   91.666    277.775   3.911     3.187e+10      3.768e-09      2.046e-09      
4.180     346.049   105.272   108.205   172.061   91.884    278.435   3.913     3.187e+10      3.777e-09      2.046e-09      
4.190     346.865   105.533   108.454   172.457   92.102    279.096   3.914     3.187e+10      3.786e-09      2.046e-09      
4.200     347.681   105.795   108.703   172.854   92.320    279.756   3.916     3.187e+10      3.795e-09      2.046e-09      
4.210     348.498   106.056   108.952   173.250   92.537    280.417   3.917     3.187e+10      3.803e-09      2.046e-09      
4.220     349.314   106.318   109.201   173.646   92.755    281.077   3.919     3.187e+10      3.812e-09      2.046e-09      
4.230     350.130   106.580   109.451   174.042   92.973    281.737   3.920     3.187e+10      3.821e-09      2.046e-09      
4.240     350.946   106.841   109.700   174.439   93.191    282.398   3.922     3.187e+10      3.829e-09      2.046e-09      
4.250     351.762   107.103   109.949   174.835   93.409    283.058   3.923     3.187e+10      3.838e-09      2.046e-09      
4.260     352.578   107.365   110.198   175.231   93.627    283.719   3.924     3.187e+10      3.847e-09      2.046e-09      
4.270     353.394   107.626   110.447   175.628   93.845    284.379   3.926     3.187e+10      3.855e-09      2.046e-09      
4.280     354.211   107.888   110.697   176.024   94.063    285.040   3.927     3.187e+10      3.864e-09      2.046e-09      
4.290     355.027   108.150   110.946   176.420   94.281    285.700   3.929     3.187e+10      3.873e-09      2.046e-09      
4.300     355.843   108.411   111.195   176.816   94.499    286.360   3.930     3.187e+10      3.882e-09      2.046e-09      
4.310     356.659   108.673   111.444   177.213   94.717    287.021   3.932     3.187e+10      3.890e-09      2.046e-09      
4.320     357.475   108.934   111.693   177.609   94.935    287.681   3.933     3.187e+10      3.899e-09      2.046e-09      
4.330     358.291   109.196   111.943   178.005   95.153    288.342   3.935     3.187e+10      3.908e-09      2.046e-09      
4.340     359.107   109.458   112.192   178.401   95.371    289.002   3.936     3.187e+10      3.916e-09      2.046e-09      
4.350     359.924   109.719   112.441   178.798   95.589    289.663   3.938     3.187e+10      3.925e-09      2.046e-09      
4.360     360.740   109.981   112.690   179.194   95.807    290.323   3.939     3.187e+10      3.934e-09      2.046e-09      
4.370     361.556   110.243   112.939   179.590   96.025    290.983   3.940     3.187e+10      3.942e-09      2.046e-09      
4.380     362.372   110.504   113.189   179.986   96.242    291.644   3.942     3.187e+10      3.951e-09      2.046e-09      
4.390     363.188   110.766   113.438   180.383   96.460    292.304   3.943     3.187e+10      3.960e-09      2.046e-09      
4.400     364.004   111.028   113.687   180.779   96.678    292.965   3.945     3.187e+10      3.969e-09      2.046e-09      
4.410     364.820   111.289   113.936   181.175   96.896    293.625   3.946     3.187e+10      3.977e-09      2.046e-09      
4.420     365.637   111.551   114.185   181.571   97.114    294.286   3.947     3.187e+10      3.986e-09      2.046e-09      
4.430     366.453   111.812   114.435   181.968   97.332    294.946   3.949     3.187e+10      3.995e-09      2.046e-09      
4.440     367.269   112.074   114.684   182.364   97.550    295.606   3.950     3.187e+10      4.003e-09      2.046e-09      
4.450     368.085   112.336   114.933   182.760   97.768    296.267   3.952     3.187e+10      4.012e-09      2.046e-09      
4.460     368.901   112.597   115.182   183.156   97.986    296.927   3.953     3.187e+10      4.021e-09      2.046e-09      
4.470     369.717   112.859   115.431   183.553   98.204    297.588   3.954     3.187e+10      4.029e-09      2.046e-09      
4.480     370.533   113.121   115.681   183.949   98.422    298.248   3.956     3.187e+10      4.038e-09      2.046e-09      
4.490     371.350   113.382   115.930   184.345   98.640    298.909   3.957     3.187e+10      4.047e-09      2.046e-09      
4.500     372.166   113.644   116.179   184.741   98.858    299.569   3.958     3.187e+10      4.056e-09      2.046e-09      
4.510     372.982   113.905   116.428   185.138   99.076    300.230   3.960     3.187e+10      4.064e-09      2.046e-09      
4.520     373.798   114.167   116.677   185.534   99.294    300.890   3.961     3.187e+10      4.073e-09      2.046e-09      
4.530     374.614   114.429   116.927   185.930   99.512    301.550   3.962     3.187e+10      4.082e-09      2.046e-09      
4.540     375.430   114.690   117.176   186.326   99.730    302.211   3.964     3.187e+10      4.090e-09      2.046e-09      
4.550     376.246   114.952   117.425   186.723   99.948    302.871   3.965     3.187e+10      4.099e-09      2.046e-09      
4.560     377.063   115.214   117.674   187.119   100.165   303.532   3.966     3.187e+10      4.108e-09      2.046e-09      
4.570     377.879   115.475   117.923   187.515   100.383   304.192   3.968     3.187e+10      4.116e-09      2.046e-09      
4.580     378.695   115.737   118.173   187.912   100.601   304.853   3.969     3.187e+10      4.125e-09      2.046e-09      
4.590     379.511   115.999   118.422   188.308   100.819   305.513   3.970     3.187e+10      4.134e-09      2.046e-09      
4.600     380.327   116.260   118.671   188.704   101.037   306.173   3.972     3.187e+10      4.142e-09      2.046e-09      
4.610     381.143   116.522   118.920   189.100   101.255   306.834   3.973     3.187e+10      4.151e-09      2.046e-09      
4.620     381.959   116.783   119.169   189.497   101.473   307.494   3.974     3.187e+10      4.160e-09      2.046e-09      
4.630     382.776   117.045   119.419   189.893   101.691   308.155   3.975     3.187e+10      4.169e-09      2.046e-09      
4.640     383.592   117.307   119.668   190.289   101.909   308.815   3.977     3.187e+10      4.177e-09      2.046e-09      
4.650     384.408   117.568   119.917   190.685   102.127   309.476   3.978     3.187e+10      4.186e-09      2.046e-09      
4.660     385.224   117.830   120.166   191.082   102.345   310.136   3.979     3.187e+10      4.195e-09      2.046e-09      
4.670     386.040   118.092   120.415   191.478   102.563   310.796   3.981     3.187e+10      4.203e-09      2.046e-09      
4.680     386.856   118.353   120.665   191.874   102.781   311.457   3.982     3.187e+10      4.212e-09      2.046e-09      
4.690     387.672   118.615   120.914   192.270   102.999   312.117   3.983     3.187e+10      4.221e-09      2.046e-09      
4.700     388.489   118.877   121.163   192.667   103.217   312.778   3.984     3.187e+10      4.229e-09      2.046e-09      
4.710     389.305   119.138   121.412   193.063   103.435   313.438   3.986     3.187e+10      4.238e-09      2.046e-09      
4.720     390.121   119.400   121.661   193.459   103.653   314.099   3.987     3.187e+10      4.247e-09      2.046e-09      
4.730     390.937   119.661   121.910   193.855   103.870   314.759   3.988     3.187e+10      4.256e-09      2.046e-09      
4.740     391.753   119.923   122.160   194.252   104.088   315.419   3.989     3.187e+10      4.264e-09      2.046e-09      
4.750     392.569   120.185   122.409   194.648   104.306   316.080   3.991     3.187e+10      4.273e-09      2.046e-09      
4.760     393.386   120.446   122.658   195.044   104.524   316.740   3.992     3.187e+10      4.282e-09      2.046e-09      
4.770     394.202   120.708   122.907   195.440   104.742   317.401   3.993     3.187e+10      4.290e-09      2.046e-09      
4.780     395.018   120.970   123.156   195.837   104.960   318.061   3.994     3.187e+10      4.299e-09      2.046e-09      
4.790     395.834   121.231   123.406   196.233   105.178   318.722   3.995     3.187e+10      4.308e-09      2.046e-09      
4.800     396.650   121.493   123.655   196.629   105.396   319.382   3.997     3.187e+10      4.316e-09      2.046e-09      
4.810     397.466   121.754   123.904   197.025   105.614   320.042   3.998     3.187e+10      4.325e-09      2.046e-09      
4.820     398.282   122.016   124.153   197.422   105.832   320.703   3.999     3.187e+10      4.334e-09      2.046e-09      
4.830     399.099   122.278   124.402   197.818   106.050   321.363   4.000     3.187e+10      4.343e-09      2.046e-09      
4.840     399.915   122.539   124.652   198.214   106.268   322.024   4.001     3.187e+10      4.351e-09      2.046e-09      
4.850     400.731   122.801   124.901   198.610   106.486   322.684   4.003     3.187e+10      4.360e-09      2.046e-09      
4.860     401.547   123.063   125.150   199.007   106.704   323.345   4.004     3.187e+10      4.369e-09      2.046e-09      
4.870     402.363   123.324   125.399   199.403   106.922   324.005   4.005     3.187e+10      4.377e-09      2.046e-09      
4.880     403.179   123.586   125.648   199.799   107.140   324.665   4.006     3.187e+10      4.386e-09      2.046e-09      
4.890     403.995   123.848   125.898   200.195   107.358   325.326   4.007     3.187e+10      4.395e-09      2.046e-09      
4.900     404.812   124.109   126.147   200.592   107.575   325.986   4.009     3.187e+10      4.403e-09      2.046e-09      
4.910     405.628   124.371   126.396   200.988   107.793   326.647   4.010     3.187e+10      4.412e-09      2.046e-09      
4.920     406.444   124.632   126.645   201.384   108.011   327.307   4.011     3.187e+10      4.421e-09      2.046e-09      
4.930     407.260   124.894   126.894   201.781   108.229   327.968   4.012     3.187e+10      4.430e-09      2.046e-09      
4.940     408.076   125.156   127.144   202.177   108.447   328.628   4.013     3.187e+10      4.438e-09      2.046e-09      
4.950     408.892   125.417   127.393   202.573   108.665   329.288   4.014     3.187e+10      4.447e-09      2.046e-09      
4.960     409.708   125.679   127.642   202.969   108.883   329.949   4.016     3.187e+10      4.456e-09      2.046e-09      
4.970     410.525   125.941   127.891   203.366   109.101   330.609   4.017     3.187e+10      4.464e-09      2.046e-09      
4.980     411.341   126.202   128.140   203.762   109.319   331.270   4.018     3.187e+10      4.473e-09      2.046e-09      
4.990     412.157   126.464   128.390   204.158   109.537   331.930   4.019     3.187e+10      4.482e-09      2.046e-09      
5.000     412.973   126.725   128.639   204.554   109.755   332.591   4.020     3.187e+10      4.490e-09      2.046e-09      
5.010     413.789   126.987   128.888   204.951   109.973   333.251   4.021     3.187e+10      4.499e-09      2.046e-09      
5.020     414.605   127.249   129.137   205.347   110.191   333.911   4.022     3.187e+10      4.508e-09      2.046e-09      
5.030     415.421   127.510   129.386   205.743   110.409   334.572   4.024     3.187e+10      4.517e-09      2.046e-09      
5.040     416.238   127.772   129.636   206.139   110.627   335.232   4.025     3.187e+10      4.525e-09      2.046e-09      
5.050     417.054   128.034   129.885   206.536   110.845   335.893   4.026     3.187e+10      4.534e-09      2.046e-09      
5.060     417.870   128.295   130.134   206.932   111.063   336.553   4.027     3.187e+10      4.543e-09      2.046e-09      
5.070     418.686   128.557   130.383   207.328   111.280   337.214   4.028     3.187e+10      4.551e-09      2.046e-09      
5.080     419.502   128.819   130.632   207.724   111.498   337.874   4.029     3.187e+10      4.560e-09      2.046e-09      
5.090     420.318   129.080   130.882   208.121   111.716   338.534   4.030     3.187e+10      4.569e-09      2.046e-09      
5.100     421.134   129.342   131.131   208.517   111.934   339.195   4.031     3.187e+10      4.577e-09      2.046e-09      
5.110     421.951   129.603   131.380   208.913   112.152   339.855   4.032     3.187e+10      4.586e-09      2.046e-09      
5.120     422.767   129.865   131.629   209.309   112.370   340.516   4.033     3.187e+10      4.595e-09      2.046e-09      
5.130     423.583   130.127   131.878   209.706   112.588   341.176   4.035     3.187e+10      4.604e-09      2.046e-09      
5.140     424.399   130.388   132.128   210.102   112.806   341.837   4.036     3.187e+10      4.612e-09      2.046e-09      
5.150     425.215   130.650   132.377   210.498   113.024   342.497   4.037     3.187e+10      4.621e-09      2.046e-09      
5.160     426.031   130.912   132.626   210.894   113.242   343.157   4.038     3.187e+10      4.630e-09      2.046e-09      
5.170     426.847   131.173   132.875   211.291   113.460   343.818   4.039     3.187e+10      4.638e-09      2.046e-09      
5.180     427.664   131.435   133.124   211.687   113.678   344.478   4.040     3.187e+10      4.647e-09      2.046e-09      
5.190     428.480   131.697   133.373   212.083   113.896   345.139   4.041     3.187e+10      4.656e-09      2.046e-09      
5.200     429.296   131.958   133.623   212.479   114.114   345.799   4.042     3.187e+10      4.664e-09      2.046e-09      
5.210     430.112   132.220   133.872   212.876   114.332   346.460   4.043     3.187e+10      4.673e-09      2.046e-09      
5.220     430.928   132.481   134.121   213.272   114.550   347.120   4.044     3.187e+10      4.682e-09      2.046e-09      
5.230     431.744   132.743   134.370   213.668   114.768   347.780   4.045     3.187e+10      4.691e-09      2.046e-09      
5.240     432.560   133.005   134.619   214.065   114.985   348.441   4.046     3.187e+10      4.699e-09      2.046e-09      
5.250     433.377   133.266   134.869   214.461   115.203   349.101   4.047     3.187e+10      4.708e-09      2.046e-09      
5.260     434.193   133.528   135.118   214.857   115.421   349.762   4.048     3.187e+10      4.717e-09      2.046e-09      
5.270     435.009   133.790   135.367   215.253   115.639   350.422   4.049     3.187e+10      4.725e-09      2.046e-09      
5.280     435.825   134.051   135.616   215.650   115.857   351.083   4.050     3.187e+10      4.734e-09      2.046e-09      
5.290     436.641   134.313   135.865   216.046   116.075   351.743   4.052     3.187e+10      4.743e-09      2.046e-09      
5.300     437.457   134.574   136.115   216.442   116.293   352.403   4.053     3.187e+10      4.751e-09      2.046e-09      
5.310     438.273   134.836   136.364   216.838   116.511   353.064   4.054     3.187e+10      4.760e-09      2.046e-09      
5.320     439.090   135.098   136.613   217.235   116.729   353.724   4.055     3.187e+10      4.769e-09      2.046e-09      
5.330     439.906   135.359   136.862   217.631   116.947   354.385   4.056     3.187e+10      4.778e-09      2.046e-09      
5.340     440.722   135.621   137.111   218.027   117.165   355.045   4.057     3.187e+10      4.786e-09      2.046e-09      
5.350     441.538   135.883   137.361   218.423   117.383   355.706   4.058     3.187e+10      4.795e-09      2.046e-09      
5.360     442.354   136.144   137.610   218.820   117.601   356.366   4.059     3.187e+10      4.804e-09      2.046e-09      
5.370     443.170   136.406   137.859   219.216   117.819   357.026   4.060     3.187e+10      4.812e-09      2.046e-09      
5.380     443.986   136.668   138.108   219.612   118.037   357.687   4.061     3.187e+10      4.821e-09      2.046e-09      
5.390     444.803   136.929   138.357   220.008   118.255   358.347   4.062     3.187e+10      4.830e-09      2.046e-09      
5.400     445.619   137.191   138.607   220.405   118.473   359.008   4.063     3.187e+10      4.838e-09      2.046e-09      
5.410     446.435   137.452   138.856   220.801   118.690   359.668   4.064     3.187e+10      4.847e-09      2.046e-09      
5.420     447.251   137.714   139.105   221.197   118.908   360.329   4.065     3.187e+10      4.856e-09      2.046e-09      
5.430     448.067   137.976   139.354   221.593   119.126   360.989   4.066     3.187e+10      4.864e-09      2.046e-09      
5.440     448.883   138.237   139.603   221.990   119.344   361.649   4.067     3.187e+10      4.873e-09      2.046e-09      
5.450     449.699   138.499   139.853   222.386   119.562   362.310   4.068     3.187e+10      4.882e-09      2.046e-09      
5.460     450.516   138.761   140.102   222.782   119.780   362.970   4.069     3.187e+10      4.891e-09      2.046e-09      
5.470     451.332   139.022   140.351   223.178   119.998   363.631   4.070     3.187e+10      4.899e-09      2.046e-09      
5.480     452.148   139.284   140.600   223.575   120.216   364.291   4.071     3.187e+10      4.908e-09      2.046e-09      
5.490     452.964   139.545   140.849   223.971   120.434   364.952   4.072     3.187e+10      4.917e-09      2.046e-09      
5.500     453.780   139.807   141.099   224.367   120.652   365.612   4.072     3.187e+10      4.925e-09      2.046e-09      
5.510     454.596   140.069   141.348   224.763   120.870   366.272   4.073     3.187e+10      4.934e-09      2.046e-09      
5.520     455.412   140.330   141.597   225.160   121.088   366.933   4.074     3.187e+10      4.943e-09      2.046e-09      
5.530     456.229   140.592   141.846   225.556   121.306   367.593   4.075     3.187e+10      4.951e-09      2.046e-09      
5.540     457.045   140.854   142.095   225.952   121.524   368.254   4.076     3.187e+10      4.960e-09      2.046e-09      
5.550     457.861   141.115   142.345   226.349   121.742   368.914   4.077     3.187e+10      4.969e-09      2.046e-09      
5.560     458.677   141.377   142.594   226.745   121.960   369.575   4.078     3.187e+10      4.978e-09      2.046e-09      
5.570     459.493   141.639   142.843   227.141   122.178   370.235   4.079     3.187e+10      4.986e-09      2.046e-09      
5.580     460.309   141.900   143.092   227.537   122.396   370.895   4.080     3.187e+10      4.995e-09      2.046e-09      
5.590     461.126   142.162   143.341   227.934   122.613   371.556   4.081     3.187e+10      5.004e-09      2.046e-09      
5.600     461.942   142.423   143.591   228.330   122.831   372.216   4.082     3.187e+10      5.012e-09      2.046e-09      
5.610     462.758   142.685   143.840   228.726   123.049   372.877   4.083     3.187e+10      5.021e-09      2.046e-09      
5.620     463.574   142.947   144.089   229.122   123.267   373.537   4.084     3.187e+10      5.030e-09      2.046e-09      
5.630     464.390   143.208   144.338   229.519   123.485   374.198   4.085     3.187e+10      5.038e-09      2.046e-09      
5.640     465.206   143.470   144.587   229.915   123.703   374.858   4.086     3.187e+10      5.047e-09      2.046e-09      
5.650     466.022   143.732   144.837   230.311   123.921   375.518   4.087     3.187e+10      5.056e-09      2.046e-09      
5.660     466.839   143.993   145.086   230.707   124.139   376.179   4.088     3.187e+10      5.065e-09      2.046e-09      
5.670     467.655   144.255   145.335   231.104   124.357   376.839   4.089     3.187e+10      5.073e-09      2.046e-09      
5.680     468.471   144.517   145.584   231.500   124.575   377.500   4.089     3.187e+10      5.082e-09      2.046e-09      
5.690     469.287   144.778   145.833   231.896   124.793   378.160   4.090     3.187e+10      5.091e-09      2.046e-09      
5.700     470.103   145.040   146.082   232.292   125.011   378.821   4.091     3.187e+10      5.099e-09      2.046e-09      
5.710     470.919   145.301   146.332   232.689   125.229   379.481   4.092     3.187e+10      5.108e-09      2.046e-09      
5.720     471.735   145.563   146.581   233.085   125.447   380.141   4.093     3.187e+10      5.117e-09      2.046e-09      
5.730     472.552   145.825   146.830   233.481   125.665   380.802   4.094     3.187e+10      5.125e-09      2.046e-09      
5.740     473.368   146.086   147.079   233.877   125.883   381.462   4.095     3.187e+10      5.134e-09      2.046e-09      
5.750     474.184   146.348   147.328   234.274   126.101   382.123   4.096     3.187e+10      5.143e-09      2.046e-09      
5.760     475.000   146.610   147.578   234.670   126.318   382.783   4.097     3.187e+10      5.152e-09      2.046e-09      
5.770     475.816   146.871   147.827   235.066   126.536   383.444   4.098     3.187e+10      5.160e-09      2.046e-09      
5.780     476.632   147.133   148.076   235.462   126.754   384.104   4.098     3.187e+10      5.169e-09      2.046e-09      
5.790     477.448   147.394   148.325   235.859   126.972   384.764   4.099     3.187e+10      5.178e-09      2.046e-09      
5.800     478.265   147.656   148.574   236.255   127.190   385.425   4.100     3.187e+10      5.186e-09      2.046e-09      
5.810     479.081   147.918   148.824   236.651   127.408   386.085   4.101     3.187e+10      5.195e-09      2.046e-09      
5.820     479.897   148.179   149.073   237.047   127.626   386.746   4.102     3.187e+10      5.204e-09      2.046e-09      
5.830     480.713   148.441   149.322   237.444   127.844   387.406   4.103     3.187e+10      5.212e-09      2.046e-09      
5.840     481.529   148.703   149.571   237.840   128.062   388.067   4.104     3.187e+10      5.221e-09      2.046e-09      
5.850     482.345   148.964   149.820   238.236   128.280   388.727   4.105     3.187e+10      5.230e-09      2.046e-09      
5.860     483.161   149.226   150.070   238.632   128.498   389.387   4.106     3.187e+10      5.239e-09      2.046e-09      
5.870     483.978   149.488   150.319   239.029   128.716   390.048   4.106     3.187e+10      5.247e-09      2.046e-09      
5.880     484.794   149.749   150.568   239.425   128.934   390.708   4.107     3.187e+10      5.256e-09      2.046e-09      
5.890     485.610   150.011   150.817   239.821   129.152   391.369   4.108     3.187e+10      5.265e-09      2.046e-09      
5.900     486.426   150.272   151.066   240.218   129.370   392.029   4.109     3.187e+10      5.273e-09      2.046e-09      
5.910     487.242   150.534   151.316   240.614   129.588   392.690   4.110     3.187e+10      5.282e-09      2.046e-09      
5.920     488.058   150.796   151.565   241.010   129.806   393.350   4.111     3.187e+10      5.291e-09      2.046e-09      
5.930     488.874   151.057   151.814   241.406   130.023   394.011   4.112     3.187e+10      5.299e-09      2.046e-09      
5.940     489.691   151.319   152.063   241.803   130.241   394.671   4.112     3.187e+10      5.308e-09      2.046e-09      
5.950     490.507   151.581   152.312   242.199   130.459   395.331   4.113     3.187e+10      5.317e-09      2.046e-09      
5.960     491.323   151.842   152.562   242.595   130.677   395.992   4.114     3.187e+10      5.326e-09      2.046e-09      
